<?xml version="1.0" encoding="UTF-8"?>
<!-- Generated by org.testng.reporters.JUnitXMLReporter -->
<testsuite hostname="Rodrigo-R" name="Default test" tests="74" failures="0" timestamp="17 Jul 2015 16:31:34 GMT" time="5.045" errors="0">
  <testcase name="compilingCode_throwsUndeclaredVariableException_ifReadingUndefinedVariableIsUndefined" time="0.1" classname="de.letsbuildacompiler.test.CompilerTest"/>
  <testcase name="compilingCode_throwsUndeclaredVariableException_ifWritingUndefinedVariableIsUndefined" time="0.014" classname="de.letsbuildacompiler.test.CompilerTest"/>
  <testcase name="compilingCode_throwsVariableeAlreadyDefinedException_whenDefiningAlreadyDefinedVariable" time="0.001" classname="de.letsbuildacompiler.test.CompilerTest"/>
  <testcase name="runningCode_outputsExpectedText" time="0.118" classname="de.letsbuildacompiler.test.CompilerTest"/>
  <testcase name="runningCode_outputsExpectedText" time="0.065" classname="de.letsbuildacompiler.test.CompilerTest"/>
  <testcase name="runningCode_outputsExpectedText" time="0.071" classname="de.letsbuildacompiler.test.CompilerTest"/>
  <testcase name="runningCode_outputsExpectedText" time="0.065" classname="de.letsbuildacompiler.test.CompilerTest"/>
  <testcase name="runningCode_outputsExpectedText" time="0.073" classname="de.letsbuildacompiler.test.CompilerTest"/>
  <testcase name="runningCode_outputsExpectedText" time="0.072" classname="de.letsbuildacompiler.test.CompilerTest"/>
  <testcase name="runningCode_outputsExpectedText" time="0.074" classname="de.letsbuildacompiler.test.CompilerTest"/>
  <testcase name="runningCode_outputsExpectedText" time="0.098" classname="de.letsbuildacompiler.test.CompilerTest"/>
  <testcase name="runningCode_outputsExpectedText" time="0.066" classname="de.letsbuildacompiler.test.CompilerTest"/>
  <testcase name="runningCode_outputsExpectedText" time="0.065" classname="de.letsbuildacompiler.test.CompilerTest"/>
  <testcase name="runningCode_outputsExpectedText" time="0.065" classname="de.letsbuildacompiler.test.CompilerTest"/>
  <testcase name="runningCode_outputsExpectedText" time="0.065" classname="de.letsbuildacompiler.test.CompilerTest"/>
  <testcase name="runningCode_outputsExpectedText" time="0.064" classname="de.letsbuildacompiler.test.CompilerTest"/>
  <testcase name="runningCode_outputsExpectedText" time="0.066" classname="de.letsbuildacompiler.test.CompilerTest"/>
  <testcase name="runningCode_outputsExpectedText" time="0.067" classname="de.letsbuildacompiler.test.CompilerTest"/>
  <testcase name="runningCode_outputsExpectedText" time="0.065" classname="de.letsbuildacompiler.test.CompilerTest"/>
  <testcase name="runningCode_outputsExpectedText" time="0.065" classname="de.letsbuildacompiler.test.CompilerTest"/>
  <testcase name="runningCode_outputsExpectedText" time="0.074" classname="de.letsbuildacompiler.test.CompilerTest"/>
  <testcase name="runningCode_outputsExpectedText" time="0.065" classname="de.letsbuildacompiler.test.CompilerTest"/>
  <testcase name="runningCode_outputsExpectedText" time="0.074" classname="de.letsbuildacompiler.test.CompilerTest"/>
  <testcase name="runningCode_outputsExpectedText" time="0.069" classname="de.letsbuildacompiler.test.CompilerTest"/>
  <testcase name="runningCode_outputsExpectedText" time="0.065" classname="de.letsbuildacompiler.test.CompilerTest"/>
  <testcase name="runningCode_outputsExpectedText" time="0.064" classname="de.letsbuildacompiler.test.CompilerTest"/>
  <testcase name="runningCode_outputsExpectedText" time="0.065" classname="de.letsbuildacompiler.test.CompilerTest"/>
  <testcase name="runningCode_outputsExpectedText" time="0.074" classname="de.letsbuildacompiler.test.CompilerTest"/>
  <testcase name="runningCode_outputsExpectedText" time="0.066" classname="de.letsbuildacompiler.test.CompilerTest"/>
  <testcase name="runningCode_outputsExpectedText" time="0.079" classname="de.letsbuildacompiler.test.CompilerTest"/>
  <testcase name="runningCode_outputsExpectedText" time="0.065" classname="de.letsbuildacompiler.test.CompilerTest"/>
  <testcase name="runningCode_outputsExpectedText" time="0.066" classname="de.letsbuildacompiler.test.CompilerTest"/>
  <testcase name="runningCode_outputsExpectedText" time="0.068" classname="de.letsbuildacompiler.test.CompilerTest"/>
  <testcase name="runningCode_outputsExpectedText" time="0.066" classname="de.letsbuildacompiler.test.CompilerTest"/>
  <testcase name="runningCode_outputsExpectedText" time="0.065" classname="de.letsbuildacompiler.test.CompilerTest"/>
  <testcase name="runningCode_outputsExpectedText" time="0.066" classname="de.letsbuildacompiler.test.CompilerTest"/>
  <testcase name="runningCode_outputsExpectedText" time="0.07" classname="de.letsbuildacompiler.test.CompilerTest"/>
  <testcase name="runningCode_outputsExpectedText" time="0.069" classname="de.letsbuildacompiler.test.CompilerTest"/>
  <testcase name="runningCode_outputsExpectedText" time="0.065" classname="de.letsbuildacompiler.test.CompilerTest"/>
  <testcase name="runningCode_outputsExpectedText" time="0.063" classname="de.letsbuildacompiler.test.CompilerTest"/>
  <testcase name="runningCode_outputsExpectedText" time="0.065" classname="de.letsbuildacompiler.test.CompilerTest"/>
  <testcase name="runningCode_outputsExpectedText" time="0.064" classname="de.letsbuildacompiler.test.CompilerTest"/>
  <testcase name="runningCode_outputsExpectedText" time="0.064" classname="de.letsbuildacompiler.test.CompilerTest"/>
  <testcase name="runningCode_outputsExpectedText" time="0.062" classname="de.letsbuildacompiler.test.CompilerTest"/>
  <testcase name="runningCode_outputsExpectedText" time="0.062" classname="de.letsbuildacompiler.test.CompilerTest"/>
  <testcase name="runningCode_outputsExpectedText" time="0.063" classname="de.letsbuildacompiler.test.CompilerTest"/>
  <testcase name="runningCode_outputsExpectedText" time="0.064" classname="de.letsbuildacompiler.test.CompilerTest"/>
  <testcase name="runningCode_outputsExpectedText" time="0.066" classname="de.letsbuildacompiler.test.CompilerTest"/>
  <testcase name="runningCode_outputsExpectedText" time="0.063" classname="de.letsbuildacompiler.test.CompilerTest"/>
  <testcase name="runningCode_outputsExpectedText" time="0.064" classname="de.letsbuildacompiler.test.CompilerTest"/>
  <testcase name="runningCode_outputsExpectedText" time="0.063" classname="de.letsbuildacompiler.test.CompilerTest"/>
  <testcase name="runningCode_outputsExpectedText" time="0.064" classname="de.letsbuildacompiler.test.CompilerTest"/>
  <testcase name="runningCode_outputsExpectedText" time="0.068" classname="de.letsbuildacompiler.test.CompilerTest"/>
  <testcase name="runningCode_outputsExpectedText" time="0.07" classname="de.letsbuildacompiler.test.CompilerTest"/>
  <testcase name="runningCode_outputsExpectedText" time="0.063" classname="de.letsbuildacompiler.test.CompilerTest"/>
  <testcase name="runningCode_outputsExpectedText" time="0.067" classname="de.letsbuildacompiler.test.CompilerTest"/>
  <testcase name="runningCode_outputsExpectedText" time="0.063" classname="de.letsbuildacompiler.test.CompilerTest"/>
  <testcase name="runningCode_outputsExpectedText" time="0.063" classname="de.letsbuildacompiler.test.CompilerTest"/>
  <testcase name="runningCode_outputsExpectedText" time="0.067" classname="de.letsbuildacompiler.test.CompilerTest"/>
  <testcase name="runningCode_outputsExpectedText" time="0.063" classname="de.letsbuildacompiler.test.CompilerTest"/>
  <testcase name="runningCode_outputsExpectedText" time="0.065" classname="de.letsbuildacompiler.test.CompilerTest"/>
  <testcase name="runningCode_outputsExpectedText" time="0.078" classname="de.letsbuildacompiler.test.CompilerTest"/>
  <testcase name="runningCode_outputsExpectedText" time="0.063" classname="de.letsbuildacompiler.test.CompilerTest"/>
  <testcase name="runningCode_outputsExpectedText" time="0.064" classname="de.letsbuildacompiler.test.CompilerTest"/>
  <testcase name="runningCode_outputsExpectedText" time="0.064" classname="de.letsbuildacompiler.test.CompilerTest"/>
  <testcase name="runningCode_outputsExpectedText" time="0.066" classname="de.letsbuildacompiler.test.CompilerTest"/>
  <testcase name="runningCode_outputsExpectedText" time="0.064" classname="de.letsbuildacompiler.test.CompilerTest"/>
  <testcase name="runningCode_outputsExpectedText" time="0.062" classname="de.letsbuildacompiler.test.CompilerTest"/>
  <testcase name="runningCode_outputsExpectedText" time="0.064" classname="de.letsbuildacompiler.test.CompilerTest"/>
  <testcase name="runningCode_outputsExpectedText" time="0.07" classname="de.letsbuildacompiler.test.CompilerTest"/>
  <testcase name="runningCode_outputsExpectedText" time="0.066" classname="de.letsbuildacompiler.test.CompilerTest"/>
  <testcase name="runningCode_outputsExpectedText" time="0.071" classname="de.letsbuildacompiler.test.CompilerTest"/>
  <testcase name="runningCode_outputsExpectedText" time="0.064" classname="de.letsbuildacompiler.test.CompilerTest"/>
  <testcase name="runningCode_outputsExpectedText" time="0.063" classname="de.letsbuildacompiler.test.CompilerTest"/>
</testsuite> <!-- Default test -->
