<?xml version="1.0" encoding="UTF-8"?>
<!-- Generated by org.testng.reporters.JUnitXMLReporter -->
<testsuite hostname="sheiny-desktop" name="Default test" tests="36" failures="0" timestamp="18 Jun 2015 03:29:06 GMT" time="3.464" errors="0">
  <testcase name="compilingCode_throwsUndeclaredVariableException_ifReadingUndefinedVariableIsUndefined" time="0.107" classname="de.letsbuildacompiler.test.CompilerTest"/>
  <testcase name="compilingCode_throwsUndeclaredVariableException_ifWritingUndefinedVariableIsUndefined" time="0.005" classname="de.letsbuildacompiler.test.CompilerTest"/>
  <testcase name="compilingCode_throwsVariableeAlreadyDefinedException_whenDefiningAlreadyDefinedVariable" time="0.002" classname="de.letsbuildacompiler.test.CompilerTest"/>
  <testcase name="runningCode_outputsExpectedText" time="0.186" classname="de.letsbuildacompiler.test.CompilerTest"/>
  <testcase name="runningCode_outputsExpectedText" time="0.091" classname="de.letsbuildacompiler.test.CompilerTest"/>
  <testcase name="runningCode_outputsExpectedText" time="0.086" classname="de.letsbuildacompiler.test.CompilerTest"/>
  <testcase name="runningCode_outputsExpectedText" time="0.098" classname="de.letsbuildacompiler.test.CompilerTest"/>
  <testcase name="runningCode_outputsExpectedText" time="0.103" classname="de.letsbuildacompiler.test.CompilerTest"/>
  <testcase name="runningCode_outputsExpectedText" time="0.097" classname="de.letsbuildacompiler.test.CompilerTest"/>
  <testcase name="runningCode_outputsExpectedText" time="0.087" classname="de.letsbuildacompiler.test.CompilerTest"/>
  <testcase name="runningCode_outputsExpectedText" time="0.092" classname="de.letsbuildacompiler.test.CompilerTest"/>
  <testcase name="runningCode_outputsExpectedText" time="0.086" classname="de.letsbuildacompiler.test.CompilerTest"/>
  <testcase name="runningCode_outputsExpectedText" time="0.094" classname="de.letsbuildacompiler.test.CompilerTest"/>
  <testcase name="runningCode_outputsExpectedText" time="0.095" classname="de.letsbuildacompiler.test.CompilerTest"/>
  <testcase name="runningCode_outputsExpectedText" time="0.095" classname="de.letsbuildacompiler.test.CompilerTest"/>
  <testcase name="runningCode_outputsExpectedText" time="0.087" classname="de.letsbuildacompiler.test.CompilerTest"/>
  <testcase name="runningCode_outputsExpectedText" time="0.09" classname="de.letsbuildacompiler.test.CompilerTest"/>
  <testcase name="runningCode_outputsExpectedText" time="0.085" classname="de.letsbuildacompiler.test.CompilerTest"/>
  <testcase name="runningCode_outputsExpectedText" time="0.078" classname="de.letsbuildacompiler.test.CompilerTest"/>
  <testcase name="runningCode_outputsExpectedText" time="0.094" classname="de.letsbuildacompiler.test.CompilerTest"/>
  <testcase name="runningCode_outputsExpectedText" time="0.102" classname="de.letsbuildacompiler.test.CompilerTest"/>
  <testcase name="runningCode_outputsExpectedText" time="0.091" classname="de.letsbuildacompiler.test.CompilerTest"/>
  <testcase name="runningCode_outputsExpectedText" time="0.091" classname="de.letsbuildacompiler.test.CompilerTest"/>
  <testcase name="runningCode_outputsExpectedText" time="0.114" classname="de.letsbuildacompiler.test.CompilerTest"/>
  <testcase name="runningCode_outputsExpectedText" time="0.095" classname="de.letsbuildacompiler.test.CompilerTest"/>
  <testcase name="runningCode_outputsExpectedText" time="0.105" classname="de.letsbuildacompiler.test.CompilerTest"/>
  <testcase name="runningCode_outputsExpectedText" time="0.098" classname="de.letsbuildacompiler.test.CompilerTest"/>
  <testcase name="runningCode_outputsExpectedText" time="0.086" classname="de.letsbuildacompiler.test.CompilerTest"/>
  <testcase name="runningCode_outputsExpectedText" time="0.096" classname="de.letsbuildacompiler.test.CompilerTest"/>
  <testcase name="runningCode_outputsExpectedText" time="0.099" classname="de.letsbuildacompiler.test.CompilerTest"/>
  <testcase name="runningCode_outputsExpectedText" time="0.088" classname="de.letsbuildacompiler.test.CompilerTest"/>
  <testcase name="runningCode_outputsExpectedText" time="0.096" classname="de.letsbuildacompiler.test.CompilerTest"/>
  <testcase name="runningCode_outputsExpectedText" time="0.102" classname="de.letsbuildacompiler.test.CompilerTest"/>
  <testcase name="runningCode_outputsExpectedText" time="0.105" classname="de.letsbuildacompiler.test.CompilerTest"/>
  <testcase name="runningCode_outputsExpectedText" time="0.112" classname="de.letsbuildacompiler.test.CompilerTest"/>
  <testcase name="runningCode_outputsExpectedText" time="0.1" classname="de.letsbuildacompiler.test.CompilerTest"/>
</testsuite> <!-- Default test -->
