<?xml version="1.0" encoding="UTF-8"?>
<testng-results skipped="0" failed="0" total="73" passed="73">
  <reporter-output>
  </reporter-output>
  <suite name="Default suite" duration-ms="5034" started-at="2015-07-17T06:07:44Z" finished-at="2015-07-17T06:07:50Z">
    <groups>
    </groups>
    <test name="Default test" duration-ms="5034" started-at="2015-07-17T06:07:44Z" finished-at="2015-07-17T06:07:50Z">
      <class name="de.letsbuildacompiler.test.CompilerTest">
        <test-method status="PASS" signature="createTempDir()[pri:0, instance:de.letsbuildacompiler.test.CompilerTest@77f82bf8]" name="createTempDir" is-config="true" duration-ms="11" started-at="2015-07-17T03:07:44Z" finished-at="2015-07-17T03:07:44Z">
          <reporter-output>
          </reporter-output>
        </test-method> <!-- createTempDir -->
        <test-method status="PASS" signature="compilingCode_throwsUndeclaredVariableException_ifReadingUndefinedVariableIsUndefined()[pri:0, instance:de.letsbuildacompiler.test.CompilerTest@77f82bf8]" name="compilingCode_throwsUndeclaredVariableException_ifReadingUndefinedVariableIsUndefined" duration-ms="102" started-at="2015-07-17T03:07:44Z" finished-at="2015-07-17T03:07:45Z">
          <exception class="de.letsbuildacompiler.compiler.exceptions.UndeclaredVariableException">
            <message>
              <![CDATA[1:8 undeclared variable <x>]]>
            </message>
            <full-stacktrace>
              <![CDATA[de.letsbuildacompiler.compiler.exceptions.UndeclaredVariableException: 1:8 undeclared variable <x>
	at de.letsbuildacompiler.compiler.MyVisitor.requireVariableIndex(MyVisitor.java:634)
	at de.letsbuildacompiler.compiler.MyVisitor.visitCarregarValor(MyVisitor.java:209)
	at de.letsbuildacompiler.compiler.MyVisitor.visitCarregarValor(MyVisitor.java:1)
	at de.letsbuildacompiler.parser.GramaticaParser$CarregarValorContext.accept(GramaticaParser.java:1022)
	at org.antlr.v4.runtime.tree.AbstractParseTreeVisitor.visitChildren(AbstractParseTreeVisitor.java:70)
	at de.letsbuildacompiler.parser.GramaticaBaseVisitor.visitChamarLvalue(GramaticaBaseVisitor.java:308)
	at de.letsbuildacompiler.parser.GramaticaParser$ChamarLvalueContext.accept(GramaticaParser.java:2454)
	at org.antlr.v4.runtime.tree.AbstractParseTreeVisitor.visitChildren(AbstractParseTreeVisitor.java:70)
	at de.letsbuildacompiler.parser.GramaticaBaseVisitor.visitFator(GramaticaBaseVisitor.java:252)
	at de.letsbuildacompiler.parser.GramaticaParser$FatorContext.accept(GramaticaParser.java:2179)
	at org.antlr.v4.runtime.tree.AbstractParseTreeVisitor.visitChildren(AbstractParseTreeVisitor.java:70)
	at de.letsbuildacompiler.parser.GramaticaBaseVisitor.visitNumexpr(GramaticaBaseVisitor.java:189)
	at de.letsbuildacompiler.parser.GramaticaParser$NumexprContext.accept(GramaticaParser.java:1963)
	at org.antlr.v4.runtime.tree.AbstractParseTreeVisitor.visit(AbstractParseTreeVisitor.java:42)
	at de.letsbuildacompiler.compiler.MyVisitor.visitPrintln(MyVisitor.java:130)
	at de.letsbuildacompiler.compiler.MyVisitor.visitPrintln(MyVisitor.java:1)
	at de.letsbuildacompiler.parser.GramaticaParser$PrintlnContext.accept(GramaticaParser.java:476)
	at org.antlr.v4.runtime.tree.AbstractParseTreeVisitor.visitChildren(AbstractParseTreeVisitor.java:70)
	at de.letsbuildacompiler.parser.GramaticaBaseVisitor.visitStatement(GramaticaBaseVisitor.java:42)
	at de.letsbuildacompiler.parser.GramaticaParser$StatementContext.accept(GramaticaParser.java:284)
	at org.antlr.v4.runtime.tree.AbstractParseTreeVisitor.visitChildren(AbstractParseTreeVisitor.java:70)
	at de.letsbuildacompiler.parser.GramaticaBaseVisitor.visitComandoNormal(GramaticaBaseVisitor.java:28)
	at de.letsbuildacompiler.parser.GramaticaParser$ComandoNormalContext.accept(GramaticaParser.java:192)
	at org.antlr.v4.runtime.tree.AbstractParseTreeVisitor.visit(AbstractParseTreeVisitor.java:42)
	at de.letsbuildacompiler.compiler.MyVisitor.visitTeste(MyVisitor.java:740)
	at de.letsbuildacompiler.compiler.MyVisitor.visitTeste(MyVisitor.java:1)
	at de.letsbuildacompiler.parser.GramaticaParser$TesteContext.accept(GramaticaParser.java:127)
	at org.antlr.v4.runtime.tree.AbstractParseTreeVisitor.visit(AbstractParseTreeVisitor.java:42)
	at de.letsbuildacompiler.compiler.Main.compile(Main.java:34)
	at de.letsbuildacompiler.test.CompilerTest.compileAndRun(CompilerTest.java:60)
	at de.letsbuildacompiler.test.CompilerTest.compilingCode_throwsUndeclaredVariableException_ifReadingUndefinedVariableIsUndefined(CompilerTest.java:76)
	at sun.reflect.NativeMethodAccessorImpl.invoke0(Native Method)
	at sun.reflect.NativeMethodAccessorImpl.invoke(NativeMethodAccessorImpl.java:57)
	at sun.reflect.DelegatingMethodAccessorImpl.invoke(DelegatingMethodAccessorImpl.java:43)
	at java.lang.reflect.Method.invoke(Method.java:606)
	at org.testng.internal.MethodInvocationHelper.invokeMethod(MethodInvocationHelper.java:85)
	at org.testng.internal.Invoker.invokeMethod(Invoker.java:663)
	at org.testng.internal.Invoker.invokeTestMethod(Invoker.java:849)
	at org.testng.internal.Invoker.invokeTestMethods(Invoker.java:1157)
	at org.testng.internal.TestMethodWorker.invokeTestMethods(TestMethodWorker.java:124)
	at org.testng.internal.TestMethodWorker.run(TestMethodWorker.java:108)
	at org.testng.TestRunner.privateRun(TestRunner.java:771)
	at org.testng.TestRunner.run(TestRunner.java:621)
	at org.testng.SuiteRunner.runTest(SuiteRunner.java:357)
	at org.testng.SuiteRunner.runSequentially(SuiteRunner.java:352)
	at org.testng.SuiteRunner.privateRun(SuiteRunner.java:310)
	at org.testng.SuiteRunner.run(SuiteRunner.java:259)
	at org.testng.SuiteRunnerWorker.runSuite(SuiteRunnerWorker.java:52)
	at org.testng.SuiteRunnerWorker.run(SuiteRunnerWorker.java:86)
	at org.testng.TestNG.runSuitesSequentially(TestNG.java:1200)
	at org.testng.TestNG.runSuitesLocally(TestNG.java:1125)
	at org.testng.TestNG.run(TestNG.java:1033)
	at org.testng.remote.RemoteTestNG.run(RemoteTestNG.java:111)
	at org.testng.remote.RemoteTestNG.initAndRun(RemoteTestNG.java:204)
	at org.testng.remote.RemoteTestNG.main(RemoteTestNG.java:175)
]]>
            </full-stacktrace>
          </exception> <!-- de.letsbuildacompiler.compiler.exceptions.UndeclaredVariableException -->
          <reporter-output>
          </reporter-output>
        </test-method> <!-- compilingCode_throwsUndeclaredVariableException_ifReadingUndefinedVariableIsUndefined -->
        <test-method status="PASS" signature="deleteTempDir()[pri:0, instance:de.letsbuildacompiler.test.CompilerTest@77f82bf8]" name="deleteTempDir" is-config="true" duration-ms="0" started-at="2015-07-17T03:07:45Z" finished-at="2015-07-17T03:07:45Z">
          <reporter-output>
          </reporter-output>
        </test-method> <!-- deleteTempDir -->
        <test-method status="PASS" signature="createTempDir()[pri:0, instance:de.letsbuildacompiler.test.CompilerTest@77f82bf8]" name="createTempDir" is-config="true" duration-ms="1" started-at="2015-07-17T03:07:45Z" finished-at="2015-07-17T03:07:45Z">
          <reporter-output>
          </reporter-output>
        </test-method> <!-- createTempDir -->
        <test-method status="PASS" signature="compilingCode_throwsUndeclaredVariableException_ifWritingUndefinedVariableIsUndefined()[pri:0, instance:de.letsbuildacompiler.test.CompilerTest@77f82bf8]" name="compilingCode_throwsUndeclaredVariableException_ifWritingUndefinedVariableIsUndefined" duration-ms="13" started-at="2015-07-17T03:07:45Z" finished-at="2015-07-17T03:07:45Z">
          <exception class="de.letsbuildacompiler.compiler.exceptions.UndeclaredVariableException">
            <message>
              <![CDATA[1:0 undeclared variable <x>]]>
            </message>
            <full-stacktrace>
              <![CDATA[de.letsbuildacompiler.compiler.exceptions.UndeclaredVariableException: 1:0 undeclared variable <x>
	at de.letsbuildacompiler.compiler.MyVisitor.requireVariableIndex(MyVisitor.java:634)
	at de.letsbuildacompiler.compiler.MyVisitor.visitAtribuicao(MyVisitor.java:198)
	at de.letsbuildacompiler.compiler.MyVisitor.visitAtribuicao(MyVisitor.java:1)
	at de.letsbuildacompiler.parser.GramaticaParser$AtribuicaoContext.accept(GramaticaParser.java:966)
	at org.antlr.v4.runtime.tree.AbstractParseTreeVisitor.visitChildren(AbstractParseTreeVisitor.java:70)
	at de.letsbuildacompiler.parser.GramaticaBaseVisitor.visitEscopoclasse(GramaticaBaseVisitor.java:84)
	at de.letsbuildacompiler.parser.GramaticaParser$EscopoclasseContext.accept(GramaticaParser.java:708)
	at org.antlr.v4.runtime.tree.AbstractParseTreeVisitor.visitChildren(AbstractParseTreeVisitor.java:70)
	at de.letsbuildacompiler.parser.GramaticaBaseVisitor.visitStatement(GramaticaBaseVisitor.java:42)
	at de.letsbuildacompiler.parser.GramaticaParser$StatementContext.accept(GramaticaParser.java:284)
	at org.antlr.v4.runtime.tree.AbstractParseTreeVisitor.visitChildren(AbstractParseTreeVisitor.java:70)
	at de.letsbuildacompiler.parser.GramaticaBaseVisitor.visitComandoNormal(GramaticaBaseVisitor.java:28)
	at de.letsbuildacompiler.parser.GramaticaParser$ComandoNormalContext.accept(GramaticaParser.java:192)
	at org.antlr.v4.runtime.tree.AbstractParseTreeVisitor.visit(AbstractParseTreeVisitor.java:42)
	at de.letsbuildacompiler.compiler.MyVisitor.visitTeste(MyVisitor.java:740)
	at de.letsbuildacompiler.compiler.MyVisitor.visitTeste(MyVisitor.java:1)
	at de.letsbuildacompiler.parser.GramaticaParser$TesteContext.accept(GramaticaParser.java:127)
	at org.antlr.v4.runtime.tree.AbstractParseTreeVisitor.visit(AbstractParseTreeVisitor.java:42)
	at de.letsbuildacompiler.compiler.Main.compile(Main.java:34)
	at de.letsbuildacompiler.test.CompilerTest.compileAndRun(CompilerTest.java:60)
	at de.letsbuildacompiler.test.CompilerTest.compilingCode_throwsUndeclaredVariableException_ifWritingUndefinedVariableIsUndefined(CompilerTest.java:85)
	at sun.reflect.NativeMethodAccessorImpl.invoke0(Native Method)
	at sun.reflect.NativeMethodAccessorImpl.invoke(NativeMethodAccessorImpl.java:57)
	at sun.reflect.DelegatingMethodAccessorImpl.invoke(DelegatingMethodAccessorImpl.java:43)
	at java.lang.reflect.Method.invoke(Method.java:606)
	at org.testng.internal.MethodInvocationHelper.invokeMethod(MethodInvocationHelper.java:85)
	at org.testng.internal.Invoker.invokeMethod(Invoker.java:663)
	at org.testng.internal.Invoker.invokeTestMethod(Invoker.java:849)
	at org.testng.internal.Invoker.invokeTestMethods(Invoker.java:1157)
	at org.testng.internal.TestMethodWorker.invokeTestMethods(TestMethodWorker.java:124)
	at org.testng.internal.TestMethodWorker.run(TestMethodWorker.java:108)
	at org.testng.TestRunner.privateRun(TestRunner.java:771)
	at org.testng.TestRunner.run(TestRunner.java:621)
	at org.testng.SuiteRunner.runTest(SuiteRunner.java:357)
	at org.testng.SuiteRunner.runSequentially(SuiteRunner.java:352)
	at org.testng.SuiteRunner.privateRun(SuiteRunner.java:310)
	at org.testng.SuiteRunner.run(SuiteRunner.java:259)
	at org.testng.SuiteRunnerWorker.runSuite(SuiteRunnerWorker.java:52)
	at org.testng.SuiteRunnerWorker.run(SuiteRunnerWorker.java:86)
	at org.testng.TestNG.runSuitesSequentially(TestNG.java:1200)
	at org.testng.TestNG.runSuitesLocally(TestNG.java:1125)
	at org.testng.TestNG.run(TestNG.java:1033)
	at org.testng.remote.RemoteTestNG.run(RemoteTestNG.java:111)
	at org.testng.remote.RemoteTestNG.initAndRun(RemoteTestNG.java:204)
	at org.testng.remote.RemoteTestNG.main(RemoteTestNG.java:175)
]]>
            </full-stacktrace>
          </exception> <!-- de.letsbuildacompiler.compiler.exceptions.UndeclaredVariableException -->
          <reporter-output>
          </reporter-output>
        </test-method> <!-- compilingCode_throwsUndeclaredVariableException_ifWritingUndefinedVariableIsUndefined -->
        <test-method status="PASS" signature="deleteTempDir()[pri:0, instance:de.letsbuildacompiler.test.CompilerTest@77f82bf8]" name="deleteTempDir" is-config="true" duration-ms="1" started-at="2015-07-17T03:07:45Z" finished-at="2015-07-17T03:07:45Z">
          <reporter-output>
          </reporter-output>
        </test-method> <!-- deleteTempDir -->
        <test-method status="PASS" signature="compilingCode_throwsVariableeAlreadyDefinedException_whenDefiningAlreadyDefinedVariable()[pri:0, instance:de.letsbuildacompiler.test.CompilerTest@77f82bf8]" name="compilingCode_throwsVariableeAlreadyDefinedException_whenDefiningAlreadyDefinedVariable" duration-ms="2" started-at="2015-07-17T03:07:45Z" finished-at="2015-07-17T03:07:45Z">
          <exception class="de.letsbuildacompiler.compiler.exceptions.VariableAlreadyDefinedException">
            <message>
              <![CDATA[2:4 variable already defined: <x>]]>
            </message>
            <full-stacktrace>
              <![CDATA[de.letsbuildacompiler.compiler.exceptions.VariableAlreadyDefinedException: 2:4 variable already defined: <x>
	at de.letsbuildacompiler.compiler.MyVisitor.visitDeclaracaoVariaveis(MyVisitor.java:160)
	at de.letsbuildacompiler.compiler.MyVisitor.visitDeclaracaoVariaveis(MyVisitor.java:1)
	at de.letsbuildacompiler.parser.GramaticaParser$DeclaracaoVariaveisContext.accept(GramaticaParser.java:788)
	at org.antlr.v4.runtime.tree.AbstractParseTreeVisitor.visitChildren(AbstractParseTreeVisitor.java:70)
	at de.letsbuildacompiler.parser.GramaticaBaseVisitor.visitEscopoclasse(GramaticaBaseVisitor.java:84)
	at de.letsbuildacompiler.parser.GramaticaParser$EscopoclasseContext.accept(GramaticaParser.java:708)
	at org.antlr.v4.runtime.tree.AbstractParseTreeVisitor.visitChildren(AbstractParseTreeVisitor.java:70)
	at de.letsbuildacompiler.parser.GramaticaBaseVisitor.visitStatement(GramaticaBaseVisitor.java:42)
	at de.letsbuildacompiler.parser.GramaticaParser$StatementContext.accept(GramaticaParser.java:284)
	at org.antlr.v4.runtime.tree.AbstractParseTreeVisitor.visitChildren(AbstractParseTreeVisitor.java:70)
	at de.letsbuildacompiler.parser.GramaticaBaseVisitor.visitComandoNormal(GramaticaBaseVisitor.java:28)
	at de.letsbuildacompiler.parser.GramaticaParser$ComandoNormalContext.accept(GramaticaParser.java:192)
	at org.antlr.v4.runtime.tree.AbstractParseTreeVisitor.visit(AbstractParseTreeVisitor.java:42)
	at de.letsbuildacompiler.compiler.MyVisitor.visitTeste(MyVisitor.java:740)
	at de.letsbuildacompiler.compiler.MyVisitor.visitTeste(MyVisitor.java:1)
	at de.letsbuildacompiler.parser.GramaticaParser$TesteContext.accept(GramaticaParser.java:127)
	at org.antlr.v4.runtime.tree.AbstractParseTreeVisitor.visit(AbstractParseTreeVisitor.java:42)
	at de.letsbuildacompiler.compiler.Main.compile(Main.java:34)
	at de.letsbuildacompiler.test.CompilerTest.compileAndRun(CompilerTest.java:60)
	at de.letsbuildacompiler.test.CompilerTest.compilingCode_throwsVariableeAlreadyDefinedException_whenDefiningAlreadyDefinedVariable(CompilerTest.java:94)
	at sun.reflect.NativeMethodAccessorImpl.invoke0(Native Method)
	at sun.reflect.NativeMethodAccessorImpl.invoke(NativeMethodAccessorImpl.java:57)
	at sun.reflect.DelegatingMethodAccessorImpl.invoke(DelegatingMethodAccessorImpl.java:43)
	at java.lang.reflect.Method.invoke(Method.java:606)
	at org.testng.internal.MethodInvocationHelper.invokeMethod(MethodInvocationHelper.java:85)
	at org.testng.internal.Invoker.invokeMethod(Invoker.java:663)
	at org.testng.internal.Invoker.invokeTestMethod(Invoker.java:849)
	at org.testng.internal.Invoker.invokeTestMethods(Invoker.java:1157)
	at org.testng.internal.TestMethodWorker.invokeTestMethods(TestMethodWorker.java:124)
	at org.testng.internal.TestMethodWorker.run(TestMethodWorker.java:108)
	at org.testng.TestRunner.privateRun(TestRunner.java:771)
	at org.testng.TestRunner.run(TestRunner.java:621)
	at org.testng.SuiteRunner.runTest(SuiteRunner.java:357)
	at org.testng.SuiteRunner.runSequentially(SuiteRunner.java:352)
	at org.testng.SuiteRunner.privateRun(SuiteRunner.java:310)
	at org.testng.SuiteRunner.run(SuiteRunner.java:259)
	at org.testng.SuiteRunnerWorker.runSuite(SuiteRunnerWorker.java:52)
	at org.testng.SuiteRunnerWorker.run(SuiteRunnerWorker.java:86)
	at org.testng.TestNG.runSuitesSequentially(TestNG.java:1200)
	at org.testng.TestNG.runSuitesLocally(TestNG.java:1125)
	at org.testng.TestNG.run(TestNG.java:1033)
	at org.testng.remote.RemoteTestNG.run(RemoteTestNG.java:111)
	at org.testng.remote.RemoteTestNG.initAndRun(RemoteTestNG.java:204)
	at org.testng.remote.RemoteTestNG.main(RemoteTestNG.java:175)
]]>
            </full-stacktrace>
          </exception> <!-- de.letsbuildacompiler.compiler.exceptions.VariableAlreadyDefinedException -->
          <reporter-output>
          </reporter-output>
        </test-method> <!-- compilingCode_throwsVariableeAlreadyDefinedException_whenDefiningAlreadyDefinedVariable -->
        <test-method status="PASS" signature="createTempDir()[pri:0, instance:de.letsbuildacompiler.test.CompilerTest@77f82bf8]" name="createTempDir" is-config="true" duration-ms="0" started-at="2015-07-17T03:07:45Z" finished-at="2015-07-17T03:07:45Z">
          <reporter-output>
          </reporter-output>
        </test-method> <!-- createTempDir -->
        <test-method status="PASS" signature="deleteTempDir()[pri:0, instance:de.letsbuildacompiler.test.CompilerTest@77f82bf8]" name="deleteTempDir" is-config="true" duration-ms="0" started-at="2015-07-17T03:07:45Z" finished-at="2015-07-17T03:07:45Z">
          <reporter-output>
          </reporter-output>
        </test-method> <!-- deleteTempDir -->
        <test-method status="PASS" signature="createTempDir()[pri:0, instance:de.letsbuildacompiler.test.CompilerTest@77f82bf8]" name="createTempDir" is-config="true" duration-ms="1" started-at="2015-07-17T03:07:45Z" finished-at="2015-07-17T03:07:45Z">
          <reporter-output>
          </reporter-output>
        </test-method> <!-- createTempDir -->
        <test-method status="PASS" signature="runningCode_outputsExpectedText(java.lang.String, java.lang.String)[pri:0, instance:de.letsbuildacompiler.test.CompilerTest@77f82bf8]" name="runningCode_outputsExpectedText" duration-ms="115" started-at="2015-07-17T03:07:45Z" data-provider="provide_code_exceptedText" finished-at="2015-07-17T03:07:45Z">
          <params>
            <param index="0">
              <value>
                <![CDATA[println(1+2);]]>
              </value>
            </param>
            <param index="1">
              <value>
                <![CDATA[3
]]>
              </value>
            </param>
          </params>
          <reporter-output>
          </reporter-output>
        </test-method> <!-- runningCode_outputsExpectedText -->
        <test-method status="PASS" signature="deleteTempDir()[pri:0, instance:de.letsbuildacompiler.test.CompilerTest@77f82bf8]" name="deleteTempDir" is-config="true" duration-ms="0" started-at="2015-07-17T03:07:45Z" finished-at="2015-07-17T03:07:45Z">
          <reporter-output>
          </reporter-output>
        </test-method> <!-- deleteTempDir -->
        <test-method status="PASS" signature="runningCode_outputsExpectedText(java.lang.String, java.lang.String)[pri:0, instance:de.letsbuildacompiler.test.CompilerTest@77f82bf8]" name="runningCode_outputsExpectedText" duration-ms="68" started-at="2015-07-17T03:07:45Z" data-provider="provide_code_exceptedText" finished-at="2015-07-17T03:07:45Z">
          <params>
            <param index="0">
              <value>
                <![CDATA[println(1);]]>
              </value>
            </param>
            <param index="1">
              <value>
                <![CDATA[1
]]>
              </value>
            </param>
          </params>
          <reporter-output>
          </reporter-output>
        </test-method> <!-- runningCode_outputsExpectedText -->
        <test-method status="PASS" signature="createTempDir()[pri:0, instance:de.letsbuildacompiler.test.CompilerTest@77f82bf8]" name="createTempDir" is-config="true" duration-ms="0" started-at="2015-07-17T03:07:45Z" finished-at="2015-07-17T03:07:45Z">
          <reporter-output>
          </reporter-output>
        </test-method> <!-- createTempDir -->
        <test-method status="PASS" signature="deleteTempDir()[pri:0, instance:de.letsbuildacompiler.test.CompilerTest@77f82bf8]" name="deleteTempDir" is-config="true" duration-ms="0" started-at="2015-07-17T03:07:45Z" finished-at="2015-07-17T03:07:45Z">
          <reporter-output>
          </reporter-output>
        </test-method> <!-- deleteTempDir -->
        <test-method status="PASS" signature="createTempDir()[pri:0, instance:de.letsbuildacompiler.test.CompilerTest@77f82bf8]" name="createTempDir" is-config="true" duration-ms="1" started-at="2015-07-17T03:07:45Z" finished-at="2015-07-17T03:07:45Z">
          <reporter-output>
          </reporter-output>
        </test-method> <!-- createTempDir -->
        <test-method status="PASS" signature="runningCode_outputsExpectedText(java.lang.String, java.lang.String)[pri:0, instance:de.letsbuildacompiler.test.CompilerTest@77f82bf8]" name="runningCode_outputsExpectedText" duration-ms="75" started-at="2015-07-17T03:07:45Z" data-provider="provide_code_exceptedText" finished-at="2015-07-17T03:07:45Z">
          <params>
            <param index="0">
              <value>
                <![CDATA[println(1+2+42);]]>
              </value>
            </param>
            <param index="1">
              <value>
                <![CDATA[45
]]>
              </value>
            </param>
          </params>
          <reporter-output>
          </reporter-output>
        </test-method> <!-- runningCode_outputsExpectedText -->
        <test-method status="PASS" signature="deleteTempDir()[pri:0, instance:de.letsbuildacompiler.test.CompilerTest@77f82bf8]" name="deleteTempDir" is-config="true" duration-ms="0" started-at="2015-07-17T03:07:45Z" finished-at="2015-07-17T03:07:45Z">
          <reporter-output>
          </reporter-output>
        </test-method> <!-- deleteTempDir -->
        <test-method status="PASS" signature="createTempDir()[pri:0, instance:de.letsbuildacompiler.test.CompilerTest@77f82bf8]" name="createTempDir" is-config="true" duration-ms="1" started-at="2015-07-17T03:07:45Z" finished-at="2015-07-17T03:07:45Z">
          <reporter-output>
          </reporter-output>
        </test-method> <!-- createTempDir -->
        <test-method status="PASS" signature="runningCode_outputsExpectedText(java.lang.String, java.lang.String)[pri:0, instance:de.letsbuildacompiler.test.CompilerTest@77f82bf8]" name="runningCode_outputsExpectedText" duration-ms="66" started-at="2015-07-17T03:07:45Z" data-provider="provide_code_exceptedText" finished-at="2015-07-17T03:07:45Z">
          <params>
            <param index="0">
              <value>
                <![CDATA[println(1); println(2);]]>
              </value>
            </param>
            <param index="1">
              <value>
                <![CDATA[1
2
]]>
              </value>
            </param>
          </params>
          <reporter-output>
          </reporter-output>
        </test-method> <!-- runningCode_outputsExpectedText -->
        <test-method status="PASS" signature="deleteTempDir()[pri:0, instance:de.letsbuildacompiler.test.CompilerTest@77f82bf8]" name="deleteTempDir" is-config="true" duration-ms="1" started-at="2015-07-17T03:07:45Z" finished-at="2015-07-17T03:07:45Z">
          <reporter-output>
          </reporter-output>
        </test-method> <!-- deleteTempDir -->
        <test-method status="PASS" signature="createTempDir()[pri:0, instance:de.letsbuildacompiler.test.CompilerTest@77f82bf8]" name="createTempDir" is-config="true" duration-ms="0" started-at="2015-07-17T03:07:45Z" finished-at="2015-07-17T03:07:45Z">
          <reporter-output>
          </reporter-output>
        </test-method> <!-- createTempDir -->
        <test-method status="PASS" signature="runningCode_outputsExpectedText(java.lang.String, java.lang.String)[pri:0, instance:de.letsbuildacompiler.test.CompilerTest@77f82bf8]" name="runningCode_outputsExpectedText" duration-ms="72" started-at="2015-07-17T03:07:45Z" data-provider="provide_code_exceptedText" finished-at="2015-07-17T03:07:45Z">
          <params>
            <param index="0">
              <value>
                <![CDATA[println(3-2);]]>
              </value>
            </param>
            <param index="1">
              <value>
                <![CDATA[1
]]>
              </value>
            </param>
          </params>
          <reporter-output>
          </reporter-output>
        </test-method> <!-- runningCode_outputsExpectedText -->
        <test-method status="PASS" signature="createTempDir()[pri:0, instance:de.letsbuildacompiler.test.CompilerTest@77f82bf8]" name="createTempDir" is-config="true" duration-ms="1" started-at="2015-07-17T03:07:45Z" finished-at="2015-07-17T03:07:45Z">
          <reporter-output>
          </reporter-output>
        </test-method> <!-- createTempDir -->
        <test-method status="PASS" signature="deleteTempDir()[pri:0, instance:de.letsbuildacompiler.test.CompilerTest@77f82bf8]" name="deleteTempDir" is-config="true" duration-ms="0" started-at="2015-07-17T03:07:45Z" finished-at="2015-07-17T03:07:45Z">
          <reporter-output>
          </reporter-output>
        </test-method> <!-- deleteTempDir -->
        <test-method status="PASS" signature="runningCode_outputsExpectedText(java.lang.String, java.lang.String)[pri:0, instance:de.letsbuildacompiler.test.CompilerTest@77f82bf8]" name="runningCode_outputsExpectedText" duration-ms="71" started-at="2015-07-17T03:07:45Z" data-provider="provide_code_exceptedText" finished-at="2015-07-17T03:07:45Z">
          <params>
            <param index="0">
              <value>
                <![CDATA[println(2*3);]]>
              </value>
            </param>
            <param index="1">
              <value>
                <![CDATA[6
]]>
              </value>
            </param>
          </params>
          <reporter-output>
          </reporter-output>
        </test-method> <!-- runningCode_outputsExpectedText -->
        <test-method status="PASS" signature="deleteTempDir()[pri:0, instance:de.letsbuildacompiler.test.CompilerTest@77f82bf8]" name="deleteTempDir" is-config="true" duration-ms="0" started-at="2015-07-17T03:07:45Z" finished-at="2015-07-17T03:07:45Z">
          <reporter-output>
          </reporter-output>
        </test-method> <!-- deleteTempDir -->
        <test-method status="PASS" signature="createTempDir()[pri:0, instance:de.letsbuildacompiler.test.CompilerTest@77f82bf8]" name="createTempDir" is-config="true" duration-ms="1" started-at="2015-07-17T03:07:45Z" finished-at="2015-07-17T03:07:45Z">
          <reporter-output>
          </reporter-output>
        </test-method> <!-- createTempDir -->
        <test-method status="PASS" signature="runningCode_outputsExpectedText(java.lang.String, java.lang.String)[pri:0, instance:de.letsbuildacompiler.test.CompilerTest@77f82bf8]" name="runningCode_outputsExpectedText" duration-ms="71" started-at="2015-07-17T03:07:45Z" data-provider="provide_code_exceptedText" finished-at="2015-07-17T03:07:45Z">
          <params>
            <param index="0">
              <value>
                <![CDATA[println(6/2);]]>
              </value>
            </param>
            <param index="1">
              <value>
                <![CDATA[3
]]>
              </value>
            </param>
          </params>
          <reporter-output>
          </reporter-output>
        </test-method> <!-- runningCode_outputsExpectedText -->
        <test-method status="PASS" signature="deleteTempDir()[pri:0, instance:de.letsbuildacompiler.test.CompilerTest@77f82bf8]" name="deleteTempDir" is-config="true" duration-ms="1" started-at="2015-07-17T03:07:45Z" finished-at="2015-07-17T03:07:45Z">
          <reporter-output>
          </reporter-output>
        </test-method> <!-- deleteTempDir -->
        <test-method status="PASS" signature="runningCode_outputsExpectedText(java.lang.String, java.lang.String)[pri:0, instance:de.letsbuildacompiler.test.CompilerTest@77f82bf8]" name="runningCode_outputsExpectedText" duration-ms="65" started-at="2015-07-17T03:07:45Z" data-provider="provide_code_exceptedText" finished-at="2015-07-17T03:07:45Z">
          <params>
            <param index="0">
              <value>
                <![CDATA[println(7/2);]]>
              </value>
            </param>
            <param index="1">
              <value>
                <![CDATA[3
]]>
              </value>
            </param>
          </params>
          <reporter-output>
          </reporter-output>
        </test-method> <!-- runningCode_outputsExpectedText -->
        <test-method status="PASS" signature="createTempDir()[pri:0, instance:de.letsbuildacompiler.test.CompilerTest@77f82bf8]" name="createTempDir" is-config="true" duration-ms="0" started-at="2015-07-17T03:07:45Z" finished-at="2015-07-17T03:07:45Z">
          <reporter-output>
          </reporter-output>
        </test-method> <!-- createTempDir -->
        <test-method status="PASS" signature="createTempDir()[pri:0, instance:de.letsbuildacompiler.test.CompilerTest@77f82bf8]" name="createTempDir" is-config="true" duration-ms="0" started-at="2015-07-17T03:07:45Z" finished-at="2015-07-17T03:07:45Z">
          <reporter-output>
          </reporter-output>
        </test-method> <!-- createTempDir -->
        <test-method status="PASS" signature="deleteTempDir()[pri:0, instance:de.letsbuildacompiler.test.CompilerTest@77f82bf8]" name="deleteTempDir" is-config="true" duration-ms="0" started-at="2015-07-17T03:07:45Z" finished-at="2015-07-17T03:07:45Z">
          <reporter-output>
          </reporter-output>
        </test-method> <!-- deleteTempDir -->
        <test-method status="PASS" signature="runningCode_outputsExpectedText(java.lang.String, java.lang.String)[pri:0, instance:de.letsbuildacompiler.test.CompilerTest@77f82bf8]" name="runningCode_outputsExpectedText" duration-ms="67" started-at="2015-07-17T03:07:45Z" data-provider="provide_code_exceptedText" finished-at="2015-07-17T03:07:45Z">
          <params>
            <param index="0">
              <value>
                <![CDATA[println(8/2*4);]]>
              </value>
            </param>
            <param index="1">
              <value>
                <![CDATA[16
]]>
              </value>
            </param>
          </params>
          <reporter-output>
          </reporter-output>
        </test-method> <!-- runningCode_outputsExpectedText -->
        <test-method status="PASS" signature="createTempDir()[pri:0, instance:de.letsbuildacompiler.test.CompilerTest@77f82bf8]" name="createTempDir" is-config="true" duration-ms="0" started-at="2015-07-17T03:07:45Z" finished-at="2015-07-17T03:07:45Z">
          <reporter-output>
          </reporter-output>
        </test-method> <!-- createTempDir -->
        <test-method status="PASS" signature="runningCode_outputsExpectedText(java.lang.String, java.lang.String)[pri:0, instance:de.letsbuildacompiler.test.CompilerTest@77f82bf8]" name="runningCode_outputsExpectedText" duration-ms="66" started-at="2015-07-17T03:07:45Z" data-provider="provide_code_exceptedText" finished-at="2015-07-17T03:07:45Z">
          <params>
            <param index="0">
              <value>
                <![CDATA[println(2+3*3);]]>
              </value>
            </param>
            <param index="1">
              <value>
                <![CDATA[11
]]>
              </value>
            </param>
          </params>
          <reporter-output>
          </reporter-output>
        </test-method> <!-- runningCode_outputsExpectedText -->
        <test-method status="PASS" signature="deleteTempDir()[pri:0, instance:de.letsbuildacompiler.test.CompilerTest@77f82bf8]" name="deleteTempDir" is-config="true" duration-ms="0" started-at="2015-07-17T03:07:45Z" finished-at="2015-07-17T03:07:45Z">
          <reporter-output>
          </reporter-output>
        </test-method> <!-- deleteTempDir -->
        <test-method status="PASS" signature="deleteTempDir()[pri:0, instance:de.letsbuildacompiler.test.CompilerTest@77f82bf8]" name="deleteTempDir" is-config="true" duration-ms="0" started-at="2015-07-17T03:07:45Z" finished-at="2015-07-17T03:07:45Z">
          <reporter-output>
          </reporter-output>
        </test-method> <!-- deleteTempDir -->
        <test-method status="PASS" signature="createTempDir()[pri:0, instance:de.letsbuildacompiler.test.CompilerTest@77f82bf8]" name="createTempDir" is-config="true" duration-ms="0" started-at="2015-07-17T03:07:45Z" finished-at="2015-07-17T03:07:45Z">
          <reporter-output>
          </reporter-output>
        </test-method> <!-- createTempDir -->
        <test-method status="PASS" signature="runningCode_outputsExpectedText(java.lang.String, java.lang.String)[pri:0, instance:de.letsbuildacompiler.test.CompilerTest@77f82bf8]" name="runningCode_outputsExpectedText" duration-ms="67" started-at="2015-07-17T03:07:45Z" data-provider="provide_code_exceptedText" finished-at="2015-07-17T03:07:45Z">
          <params>
            <param index="0">
              <value>
                <![CDATA[println(9-2*3);]]>
              </value>
            </param>
            <param index="1">
              <value>
                <![CDATA[3
]]>
              </value>
            </param>
          </params>
          <reporter-output>
          </reporter-output>
        </test-method> <!-- runningCode_outputsExpectedText -->
        <test-method status="PASS" signature="deleteTempDir()[pri:0, instance:de.letsbuildacompiler.test.CompilerTest@77f82bf8]" name="deleteTempDir" is-config="true" duration-ms="0" started-at="2015-07-17T03:07:45Z" finished-at="2015-07-17T03:07:45Z">
          <reporter-output>
          </reporter-output>
        </test-method> <!-- deleteTempDir -->
        <test-method status="PASS" signature="createTempDir()[pri:0, instance:de.letsbuildacompiler.test.CompilerTest@77f82bf8]" name="createTempDir" is-config="true" duration-ms="1" started-at="2015-07-17T03:07:45Z" finished-at="2015-07-17T03:07:45Z">
          <reporter-output>
          </reporter-output>
        </test-method> <!-- createTempDir -->
        <test-method status="PASS" signature="runningCode_outputsExpectedText(java.lang.String, java.lang.String)[pri:0, instance:de.letsbuildacompiler.test.CompilerTest@77f82bf8]" name="runningCode_outputsExpectedText" duration-ms="82" started-at="2015-07-17T03:07:45Z" data-provider="provide_code_exceptedText" finished-at="2015-07-17T03:07:46Z">
          <params>
            <param index="0">
              <value>
                <![CDATA[println(8-2+5);]]>
              </value>
            </param>
            <param index="1">
              <value>
                <![CDATA[11
]]>
              </value>
            </param>
          </params>
          <reporter-output>
          </reporter-output>
        </test-method> <!-- runningCode_outputsExpectedText -->
        <test-method status="PASS" signature="deleteTempDir()[pri:0, instance:de.letsbuildacompiler.test.CompilerTest@77f82bf8]" name="deleteTempDir" is-config="true" duration-ms="1" started-at="2015-07-17T03:07:46Z" finished-at="2015-07-17T03:07:46Z">
          <reporter-output>
          </reporter-output>
        </test-method> <!-- deleteTempDir -->
        <test-method status="PASS" signature="createTempDir()[pri:0, instance:de.letsbuildacompiler.test.CompilerTest@77f82bf8]" name="createTempDir" is-config="true" duration-ms="1" started-at="2015-07-17T03:07:46Z" finished-at="2015-07-17T03:07:46Z">
          <reporter-output>
          </reporter-output>
        </test-method> <!-- createTempDir -->
        <test-method status="PASS" signature="runningCode_outputsExpectedText(java.lang.String, java.lang.String)[pri:0, instance:de.letsbuildacompiler.test.CompilerTest@77f82bf8]" name="runningCode_outputsExpectedText" duration-ms="64" started-at="2015-07-17T03:07:46Z" data-provider="provide_code_exceptedText" finished-at="2015-07-17T03:07:46Z">
          <params>
            <param index="0">
              <value>
                <![CDATA[println(3/3*3);]]>
              </value>
            </param>
            <param index="1">
              <value>
                <![CDATA[3
]]>
              </value>
            </param>
          </params>
          <reporter-output>
          </reporter-output>
        </test-method> <!-- runningCode_outputsExpectedText -->
        <test-method status="PASS" signature="deleteTempDir()[pri:0, instance:de.letsbuildacompiler.test.CompilerTest@77f82bf8]" name="deleteTempDir" is-config="true" duration-ms="1" started-at="2015-07-17T03:07:46Z" finished-at="2015-07-17T03:07:46Z">
          <reporter-output>
          </reporter-output>
        </test-method> <!-- deleteTempDir -->
        <test-method status="PASS" signature="createTempDir()[pri:0, instance:de.letsbuildacompiler.test.CompilerTest@77f82bf8]" name="createTempDir" is-config="true" duration-ms="0" started-at="2015-07-17T03:07:46Z" finished-at="2015-07-17T03:07:46Z">
          <reporter-output>
          </reporter-output>
        </test-method> <!-- createTempDir -->
        <test-method status="PASS" signature="runningCode_outputsExpectedText(java.lang.String, java.lang.String)[pri:0, instance:de.letsbuildacompiler.test.CompilerTest@77f82bf8]" name="runningCode_outputsExpectedText" duration-ms="66" started-at="2015-07-17T03:07:46Z" data-provider="provide_code_exceptedText" finished-at="2015-07-17T03:07:46Z">
          <params>
            <param index="0">
              <value>
                <![CDATA[println(3*3/3);]]>
              </value>
            </param>
            <param index="1">
              <value>
                <![CDATA[3
]]>
              </value>
            </param>
          </params>
          <reporter-output>
          </reporter-output>
        </test-method> <!-- runningCode_outputsExpectedText -->
        <test-method status="PASS" signature="deleteTempDir()[pri:0, instance:de.letsbuildacompiler.test.CompilerTest@77f82bf8]" name="deleteTempDir" is-config="true" duration-ms="0" started-at="2015-07-17T03:07:46Z" finished-at="2015-07-17T03:07:46Z">
          <reporter-output>
          </reporter-output>
        </test-method> <!-- deleteTempDir -->
        <test-method status="PASS" signature="createTempDir()[pri:0, instance:de.letsbuildacompiler.test.CompilerTest@77f82bf8]" name="createTempDir" is-config="true" duration-ms="0" started-at="2015-07-17T03:07:46Z" finished-at="2015-07-17T03:07:46Z">
          <reporter-output>
          </reporter-output>
        </test-method> <!-- createTempDir -->
        <test-method status="PASS" signature="runningCode_outputsExpectedText(java.lang.String, java.lang.String)[pri:0, instance:de.letsbuildacompiler.test.CompilerTest@77f82bf8]" name="runningCode_outputsExpectedText" duration-ms="66" started-at="2015-07-17T03:07:46Z" data-provider="provide_code_exceptedText" finished-at="2015-07-17T03:07:46Z">
          <params>
            <param index="0">
              <value>
                <![CDATA[println(2*3-2);]]>
              </value>
            </param>
            <param index="1">
              <value>
                <![CDATA[4
]]>
              </value>
            </param>
          </params>
          <reporter-output>
          </reporter-output>
        </test-method> <!-- runningCode_outputsExpectedText -->
        <test-method status="PASS" signature="deleteTempDir()[pri:0, instance:de.letsbuildacompiler.test.CompilerTest@77f82bf8]" name="deleteTempDir" is-config="true" duration-ms="1" started-at="2015-07-17T03:07:46Z" finished-at="2015-07-17T03:07:46Z">
          <reporter-output>
          </reporter-output>
        </test-method> <!-- deleteTempDir -->
        <test-method status="PASS" signature="runningCode_outputsExpectedText(java.lang.String, java.lang.String)[pri:0, instance:de.letsbuildacompiler.test.CompilerTest@77f82bf8]" name="runningCode_outputsExpectedText" duration-ms="66" started-at="2015-07-17T03:07:46Z" data-provider="provide_code_exceptedText" finished-at="2015-07-17T03:07:46Z">
          <params>
            <param index="0">
              <value>
                <![CDATA[println(2+5-6);]]>
              </value>
            </param>
            <param index="1">
              <value>
                <![CDATA[1
]]>
              </value>
            </param>
          </params>
          <reporter-output>
          </reporter-output>
        </test-method> <!-- runningCode_outputsExpectedText -->
        <test-method status="PASS" signature="createTempDir()[pri:0, instance:de.letsbuildacompiler.test.CompilerTest@77f82bf8]" name="createTempDir" is-config="true" duration-ms="0" started-at="2015-07-17T03:07:46Z" finished-at="2015-07-17T03:07:46Z">
          <reporter-output>
          </reporter-output>
        </test-method> <!-- createTempDir -->
        <test-method status="PASS" signature="deleteTempDir()[pri:0, instance:de.letsbuildacompiler.test.CompilerTest@77f82bf8]" name="deleteTempDir" is-config="true" duration-ms="0" started-at="2015-07-17T03:07:46Z" finished-at="2015-07-17T03:07:46Z">
          <reporter-output>
          </reporter-output>
        </test-method> <!-- deleteTempDir -->
        <test-method status="PASS" signature="createTempDir()[pri:0, instance:de.letsbuildacompiler.test.CompilerTest@77f82bf8]" name="createTempDir" is-config="true" duration-ms="1" started-at="2015-07-17T03:07:46Z" finished-at="2015-07-17T03:07:46Z">
          <reporter-output>
          </reporter-output>
        </test-method> <!-- createTempDir -->
        <test-method status="PASS" signature="runningCode_outputsExpectedText(java.lang.String, java.lang.String)[pri:0, instance:de.letsbuildacompiler.test.CompilerTest@77f82bf8]" name="runningCode_outputsExpectedText" duration-ms="65" started-at="2015-07-17T03:07:46Z" data-provider="provide_code_exceptedText" finished-at="2015-07-17T03:07:46Z">
          <params>
            <param index="0">
              <value>
                <![CDATA[println(8/2*2);]]>
              </value>
            </param>
            <param index="1">
              <value>
                <![CDATA[8
]]>
              </value>
            </param>
          </params>
          <reporter-output>
          </reporter-output>
        </test-method> <!-- runningCode_outputsExpectedText -->
        <test-method status="PASS" signature="createTempDir()[pri:0, instance:de.letsbuildacompiler.test.CompilerTest@77f82bf8]" name="createTempDir" is-config="true" duration-ms="1" started-at="2015-07-17T03:07:46Z" finished-at="2015-07-17T03:07:46Z">
          <reporter-output>
          </reporter-output>
        </test-method> <!-- createTempDir -->
        <test-method status="PASS" signature="deleteTempDir()[pri:0, instance:de.letsbuildacompiler.test.CompilerTest@77f82bf8]" name="deleteTempDir" is-config="true" duration-ms="0" started-at="2015-07-17T03:07:46Z" finished-at="2015-07-17T03:07:46Z">
          <reporter-output>
          </reporter-output>
        </test-method> <!-- deleteTempDir -->
        <test-method status="PASS" signature="runningCode_outputsExpectedText(java.lang.String, java.lang.String)[pri:0, instance:de.letsbuildacompiler.test.CompilerTest@77f82bf8]" name="runningCode_outputsExpectedText" duration-ms="75" started-at="2015-07-17T03:07:46Z" data-provider="provide_code_exceptedText" finished-at="2015-07-17T03:07:46Z">
          <params>
            <param index="0">
              <value>
                <![CDATA[println(8/(2*2));]]>
              </value>
            </param>
            <param index="1">
              <value>
                <![CDATA[2
]]>
              </value>
            </param>
          </params>
          <reporter-output>
          </reporter-output>
        </test-method> <!-- runningCode_outputsExpectedText -->
        <test-method status="PASS" signature="deleteTempDir()[pri:0, instance:de.letsbuildacompiler.test.CompilerTest@77f82bf8]" name="deleteTempDir" is-config="true" duration-ms="1" started-at="2015-07-17T03:07:46Z" finished-at="2015-07-17T03:07:46Z">
          <reporter-output>
          </reporter-output>
        </test-method> <!-- deleteTempDir -->
        <test-method status="PASS" signature="runningCode_outputsExpectedText(java.lang.String, java.lang.String)[pri:0, instance:de.letsbuildacompiler.test.CompilerTest@77f82bf8]" name="runningCode_outputsExpectedText" duration-ms="66" started-at="2015-07-17T03:07:46Z" data-provider="provide_code_exceptedText" finished-at="2015-07-17T03:07:46Z">
          <params>
            <param index="0">
              <value>
                <![CDATA[println(4+4*2);]]>
              </value>
            </param>
            <param index="1">
              <value>
                <![CDATA[12
]]>
              </value>
            </param>
          </params>
          <reporter-output>
          </reporter-output>
        </test-method> <!-- runningCode_outputsExpectedText -->
        <test-method status="PASS" signature="createTempDir()[pri:0, instance:de.letsbuildacompiler.test.CompilerTest@77f82bf8]" name="createTempDir" is-config="true" duration-ms="0" started-at="2015-07-17T03:07:46Z" finished-at="2015-07-17T03:07:46Z">
          <reporter-output>
          </reporter-output>
        </test-method> <!-- createTempDir -->
        <test-method status="PASS" signature="deleteTempDir()[pri:0, instance:de.letsbuildacompiler.test.CompilerTest@77f82bf8]" name="deleteTempDir" is-config="true" duration-ms="1" started-at="2015-07-17T03:07:46Z" finished-at="2015-07-17T03:07:46Z">
          <reporter-output>
          </reporter-output>
        </test-method> <!-- deleteTempDir -->
        <test-method status="PASS" signature="runningCode_outputsExpectedText(java.lang.String, java.lang.String)[pri:0, instance:de.letsbuildacompiler.test.CompilerTest@77f82bf8]" name="runningCode_outputsExpectedText" duration-ms="76" started-at="2015-07-17T03:07:46Z" data-provider="provide_code_exceptedText" finished-at="2015-07-17T03:07:46Z">
          <params>
            <param index="0">
              <value>
                <![CDATA[println((4+4)*2);]]>
              </value>
            </param>
            <param index="1">
              <value>
                <![CDATA[16
]]>
              </value>
            </param>
          </params>
          <reporter-output>
          </reporter-output>
        </test-method> <!-- runningCode_outputsExpectedText -->
        <test-method status="PASS" signature="createTempDir()[pri:0, instance:de.letsbuildacompiler.test.CompilerTest@77f82bf8]" name="createTempDir" is-config="true" duration-ms="0" started-at="2015-07-17T03:07:46Z" finished-at="2015-07-17T03:07:46Z">
          <reporter-output>
          </reporter-output>
        </test-method> <!-- createTempDir -->
        <test-method status="PASS" signature="deleteTempDir()[pri:0, instance:de.letsbuildacompiler.test.CompilerTest@77f82bf8]" name="deleteTempDir" is-config="true" duration-ms="0" started-at="2015-07-17T03:07:46Z" finished-at="2015-07-17T03:07:46Z">
          <reporter-output>
          </reporter-output>
        </test-method> <!-- deleteTempDir -->
        <test-method status="PASS" signature="createTempDir()[pri:0, instance:de.letsbuildacompiler.test.CompilerTest@77f82bf8]" name="createTempDir" is-config="true" duration-ms="1" started-at="2015-07-17T03:07:46Z" finished-at="2015-07-17T03:07:46Z">
          <reporter-output>
          </reporter-output>
        </test-method> <!-- createTempDir -->
        <test-method status="PASS" signature="runningCode_outputsExpectedText(java.lang.String, java.lang.String)[pri:0, instance:de.letsbuildacompiler.test.CompilerTest@77f82bf8]" name="runningCode_outputsExpectedText" duration-ms="69" started-at="2015-07-17T03:07:46Z" data-provider="provide_code_exceptedText" finished-at="2015-07-17T03:07:46Z">
          <params>
            <param index="0">
              <value>
                <![CDATA[println(7%3);]]>
              </value>
            </param>
            <param index="1">
              <value>
                <![CDATA[1
]]>
              </value>
            </param>
          </params>
          <reporter-output>
          </reporter-output>
        </test-method> <!-- runningCode_outputsExpectedText -->
        <test-method status="PASS" signature="deleteTempDir()[pri:0, instance:de.letsbuildacompiler.test.CompilerTest@77f82bf8]" name="deleteTempDir" is-config="true" duration-ms="0" started-at="2015-07-17T03:07:46Z" finished-at="2015-07-17T03:07:46Z">
          <reporter-output>
          </reporter-output>
        </test-method> <!-- deleteTempDir -->
        <test-method status="PASS" signature="createTempDir()[pri:0, instance:de.letsbuildacompiler.test.CompilerTest@77f82bf8]" name="createTempDir" is-config="true" duration-ms="0" started-at="2015-07-17T03:07:46Z" finished-at="2015-07-17T03:07:46Z">
          <reporter-output>
          </reporter-output>
        </test-method> <!-- createTempDir -->
        <test-method status="PASS" signature="runningCode_outputsExpectedText(java.lang.String, java.lang.String)[pri:0, instance:de.letsbuildacompiler.test.CompilerTest@77f82bf8]" name="runningCode_outputsExpectedText" duration-ms="66" started-at="2015-07-17T03:07:46Z" data-provider="provide_code_exceptedText" finished-at="2015-07-17T03:07:46Z">
          <params>
            <param index="0">
              <value>
                <![CDATA[println(10%3);]]>
              </value>
            </param>
            <param index="1">
              <value>
                <![CDATA[1
]]>
              </value>
            </param>
          </params>
          <reporter-output>
          </reporter-output>
        </test-method> <!-- runningCode_outputsExpectedText -->
        <test-method status="PASS" signature="deleteTempDir()[pri:0, instance:de.letsbuildacompiler.test.CompilerTest@77f82bf8]" name="deleteTempDir" is-config="true" duration-ms="0" started-at="2015-07-17T03:07:46Z" finished-at="2015-07-17T03:07:46Z">
          <reporter-output>
          </reporter-output>
        </test-method> <!-- deleteTempDir -->
        <test-method status="PASS" signature="runningCode_outputsExpectedText(java.lang.String, java.lang.String)[pri:0, instance:de.letsbuildacompiler.test.CompilerTest@77f82bf8]" name="runningCode_outputsExpectedText" duration-ms="67" started-at="2015-07-17T03:07:46Z" data-provider="provide_code_exceptedText" finished-at="2015-07-17T03:07:46Z">
          <params>
            <param index="0">
              <value>
                <![CDATA[println(5%3);]]>
              </value>
            </param>
            <param index="1">
              <value>
                <![CDATA[2
]]>
              </value>
            </param>
          </params>
          <reporter-output>
          </reporter-output>
        </test-method> <!-- runningCode_outputsExpectedText -->
        <test-method status="PASS" signature="createTempDir()[pri:0, instance:de.letsbuildacompiler.test.CompilerTest@77f82bf8]" name="createTempDir" is-config="true" duration-ms="0" started-at="2015-07-17T03:07:46Z" finished-at="2015-07-17T03:07:46Z">
          <reporter-output>
          </reporter-output>
        </test-method> <!-- createTempDir -->
        <test-method status="PASS" signature="deleteTempDir()[pri:0, instance:de.letsbuildacompiler.test.CompilerTest@77f82bf8]" name="deleteTempDir" is-config="true" duration-ms="1" started-at="2015-07-17T03:07:46Z" finished-at="2015-07-17T03:07:46Z">
          <reporter-output>
          </reporter-output>
        </test-method> <!-- deleteTempDir -->
        <test-method status="PASS" signature="createTempDir()[pri:0, instance:de.letsbuildacompiler.test.CompilerTest@77f82bf8]" name="createTempDir" is-config="true" duration-ms="0" started-at="2015-07-17T03:07:46Z" finished-at="2015-07-17T03:07:46Z">
          <reporter-output>
          </reporter-output>
        </test-method> <!-- createTempDir -->
        <test-method status="PASS" signature="runningCode_outputsExpectedText(java.lang.String, java.lang.String)[pri:0, instance:de.letsbuildacompiler.test.CompilerTest@77f82bf8]" name="runningCode_outputsExpectedText" duration-ms="64" started-at="2015-07-17T03:07:46Z" data-provider="provide_code_exceptedText" finished-at="2015-07-17T03:07:46Z">
          <params>
            <param index="0">
              <value>
                <![CDATA[println(3+2);]]>
              </value>
            </param>
            <param index="1">
              <value>
                <![CDATA[5
]]>
              </value>
            </param>
          </params>
          <reporter-output>
          </reporter-output>
        </test-method> <!-- runningCode_outputsExpectedText -->
        <test-method status="PASS" signature="deleteTempDir()[pri:0, instance:de.letsbuildacompiler.test.CompilerTest@77f82bf8]" name="deleteTempDir" is-config="true" duration-ms="1" started-at="2015-07-17T03:07:46Z" finished-at="2015-07-17T03:07:46Z">
          <reporter-output>
          </reporter-output>
        </test-method> <!-- deleteTempDir -->
        <test-method status="PASS" signature="createTempDir()[pri:0, instance:de.letsbuildacompiler.test.CompilerTest@77f82bf8]" name="createTempDir" is-config="true" duration-ms="0" started-at="2015-07-17T03:07:46Z" finished-at="2015-07-17T03:07:46Z">
          <reporter-output>
          </reporter-output>
        </test-method> <!-- createTempDir -->
        <test-method status="PASS" signature="runningCode_outputsExpectedText(java.lang.String, java.lang.String)[pri:0, instance:de.letsbuildacompiler.test.CompilerTest@77f82bf8]" name="runningCode_outputsExpectedText" duration-ms="79" started-at="2015-07-17T03:07:46Z" data-provider="provide_code_exceptedText" finished-at="2015-07-17T03:07:46Z">
          <params>
            <param index="0">
              <value>
                <![CDATA[println(5.1>4);]]>
              </value>
            </param>
            <param index="1">
              <value>
                <![CDATA[1
]]>
              </value>
            </param>
          </params>
          <reporter-output>
          </reporter-output>
        </test-method> <!-- runningCode_outputsExpectedText -->
        <test-method status="PASS" signature="deleteTempDir()[pri:0, instance:de.letsbuildacompiler.test.CompilerTest@77f82bf8]" name="deleteTempDir" is-config="true" duration-ms="0" started-at="2015-07-17T03:07:46Z" finished-at="2015-07-17T03:07:46Z">
          <reporter-output>
          </reporter-output>
        </test-method> <!-- deleteTempDir -->
        <test-method status="PASS" signature="runningCode_outputsExpectedText(java.lang.String, java.lang.String)[pri:0, instance:de.letsbuildacompiler.test.CompilerTest@77f82bf8]" name="runningCode_outputsExpectedText" duration-ms="70" started-at="2015-07-17T03:07:46Z" data-provider="provide_code_exceptedText" finished-at="2015-07-17T03:07:47Z">
          <params>
            <param index="0">
              <value>
                <![CDATA[println(3.1>4);]]>
              </value>
            </param>
            <param index="1">
              <value>
                <![CDATA[0
]]>
              </value>
            </param>
          </params>
          <reporter-output>
          </reporter-output>
        </test-method> <!-- runningCode_outputsExpectedText -->
        <test-method status="PASS" signature="createTempDir()[pri:0, instance:de.letsbuildacompiler.test.CompilerTest@77f82bf8]" name="createTempDir" is-config="true" duration-ms="0" started-at="2015-07-17T03:07:46Z" finished-at="2015-07-17T03:07:46Z">
          <reporter-output>
          </reporter-output>
        </test-method> <!-- createTempDir -->
        <test-method status="PASS" signature="runningCode_outputsExpectedText(java.lang.String, java.lang.String)[pri:0, instance:de.letsbuildacompiler.test.CompilerTest@77f82bf8]" name="runningCode_outputsExpectedText" duration-ms="65" started-at="2015-07-17T03:07:47Z" data-provider="provide_code_exceptedText" finished-at="2015-07-17T03:07:47Z">
          <params>
            <param index="0">
              <value>
                <![CDATA[println(5.1>=5.1);]]>
              </value>
            </param>
            <param index="1">
              <value>
                <![CDATA[1
]]>
              </value>
            </param>
          </params>
          <reporter-output>
          </reporter-output>
        </test-method> <!-- runningCode_outputsExpectedText -->
        <test-method status="PASS" signature="createTempDir()[pri:0, instance:de.letsbuildacompiler.test.CompilerTest@77f82bf8]" name="createTempDir" is-config="true" duration-ms="0" started-at="2015-07-17T03:07:47Z" finished-at="2015-07-17T03:07:47Z">
          <reporter-output>
          </reporter-output>
        </test-method> <!-- createTempDir -->
        <test-method status="PASS" signature="deleteTempDir()[pri:0, instance:de.letsbuildacompiler.test.CompilerTest@77f82bf8]" name="deleteTempDir" is-config="true" duration-ms="0" started-at="2015-07-17T03:07:47Z" finished-at="2015-07-17T03:07:47Z">
          <reporter-output>
          </reporter-output>
        </test-method> <!-- deleteTempDir -->
        <test-method status="PASS" signature="deleteTempDir()[pri:0, instance:de.letsbuildacompiler.test.CompilerTest@77f82bf8]" name="deleteTempDir" is-config="true" duration-ms="0" started-at="2015-07-17T03:07:47Z" finished-at="2015-07-17T03:07:47Z">
          <reporter-output>
          </reporter-output>
        </test-method> <!-- deleteTempDir -->
        <test-method status="PASS" signature="createTempDir()[pri:0, instance:de.letsbuildacompiler.test.CompilerTest@77f82bf8]" name="createTempDir" is-config="true" duration-ms="1" started-at="2015-07-17T03:07:47Z" finished-at="2015-07-17T03:07:47Z">
          <reporter-output>
          </reporter-output>
        </test-method> <!-- createTempDir -->
        <test-method status="PASS" signature="runningCode_outputsExpectedText(java.lang.String, java.lang.String)[pri:0, instance:de.letsbuildacompiler.test.CompilerTest@77f82bf8]" name="runningCode_outputsExpectedText" duration-ms="66" started-at="2015-07-17T03:07:47Z" data-provider="provide_code_exceptedText" finished-at="2015-07-17T03:07:47Z">
          <params>
            <param index="0">
              <value>
                <![CDATA[println(5.2>=5.1);]]>
              </value>
            </param>
            <param index="1">
              <value>
                <![CDATA[1
]]>
              </value>
            </param>
          </params>
          <reporter-output>
          </reporter-output>
        </test-method> <!-- runningCode_outputsExpectedText -->
        <test-method status="PASS" signature="createTempDir()[pri:0, instance:de.letsbuildacompiler.test.CompilerTest@77f82bf8]" name="createTempDir" is-config="true" duration-ms="1" started-at="2015-07-17T03:07:47Z" finished-at="2015-07-17T03:07:47Z">
          <reporter-output>
          </reporter-output>
        </test-method> <!-- createTempDir -->
        <test-method status="PASS" signature="deleteTempDir()[pri:0, instance:de.letsbuildacompiler.test.CompilerTest@77f82bf8]" name="deleteTempDir" is-config="true" duration-ms="0" started-at="2015-07-17T03:07:47Z" finished-at="2015-07-17T03:07:47Z">
          <reporter-output>
          </reporter-output>
        </test-method> <!-- deleteTempDir -->
        <test-method status="PASS" signature="runningCode_outputsExpectedText(java.lang.String, java.lang.String)[pri:0, instance:de.letsbuildacompiler.test.CompilerTest@77f82bf8]" name="runningCode_outputsExpectedText" duration-ms="64" started-at="2015-07-17T03:07:47Z" data-provider="provide_code_exceptedText" finished-at="2015-07-17T03:07:47Z">
          <params>
            <param index="0">
              <value>
                <![CDATA[println(4.1>=5.1);]]>
              </value>
            </param>
            <param index="1">
              <value>
                <![CDATA[0
]]>
              </value>
            </param>
          </params>
          <reporter-output>
          </reporter-output>
        </test-method> <!-- runningCode_outputsExpectedText -->
        <test-method status="PASS" signature="deleteTempDir()[pri:0, instance:de.letsbuildacompiler.test.CompilerTest@77f82bf8]" name="deleteTempDir" is-config="true" duration-ms="0" started-at="2015-07-17T03:07:47Z" finished-at="2015-07-17T03:07:47Z">
          <reporter-output>
          </reporter-output>
        </test-method> <!-- deleteTempDir -->
        <test-method status="PASS" signature="createTempDir()[pri:0, instance:de.letsbuildacompiler.test.CompilerTest@77f82bf8]" name="createTempDir" is-config="true" duration-ms="1" started-at="2015-07-17T03:07:47Z" finished-at="2015-07-17T03:07:47Z">
          <reporter-output>
          </reporter-output>
        </test-method> <!-- createTempDir -->
        <test-method status="PASS" signature="runningCode_outputsExpectedText(java.lang.String, java.lang.String)[pri:0, instance:de.letsbuildacompiler.test.CompilerTest@77f82bf8]" name="runningCode_outputsExpectedText" duration-ms="66" started-at="2015-07-17T03:07:47Z" data-provider="provide_code_exceptedText" finished-at="2015-07-17T03:07:47Z">
          <params>
            <param index="0">
              <value>
                <![CDATA[println(4<5.1);]]>
              </value>
            </param>
            <param index="1">
              <value>
                <![CDATA[1
]]>
              </value>
            </param>
          </params>
          <reporter-output>
          </reporter-output>
        </test-method> <!-- runningCode_outputsExpectedText -->
        <test-method status="PASS" signature="deleteTempDir()[pri:0, instance:de.letsbuildacompiler.test.CompilerTest@77f82bf8]" name="deleteTempDir" is-config="true" duration-ms="1" started-at="2015-07-17T03:07:47Z" finished-at="2015-07-17T03:07:47Z">
          <reporter-output>
          </reporter-output>
        </test-method> <!-- deleteTempDir -->
        <test-method status="PASS" signature="createTempDir()[pri:0, instance:de.letsbuildacompiler.test.CompilerTest@77f82bf8]" name="createTempDir" is-config="true" duration-ms="0" started-at="2015-07-17T03:07:47Z" finished-at="2015-07-17T03:07:47Z">
          <reporter-output>
          </reporter-output>
        </test-method> <!-- createTempDir -->
        <test-method status="PASS" signature="runningCode_outputsExpectedText(java.lang.String, java.lang.String)[pri:0, instance:de.letsbuildacompiler.test.CompilerTest@77f82bf8]" name="runningCode_outputsExpectedText" duration-ms="69" started-at="2015-07-17T03:07:47Z" data-provider="provide_code_exceptedText" finished-at="2015-07-17T03:07:47Z">
          <params>
            <param index="0">
              <value>
                <![CDATA[println(4<3.1);]]>
              </value>
            </param>
            <param index="1">
              <value>
                <![CDATA[0
]]>
              </value>
            </param>
          </params>
          <reporter-output>
          </reporter-output>
        </test-method> <!-- runningCode_outputsExpectedText -->
        <test-method status="PASS" signature="deleteTempDir()[pri:0, instance:de.letsbuildacompiler.test.CompilerTest@77f82bf8]" name="deleteTempDir" is-config="true" duration-ms="1" started-at="2015-07-17T03:07:47Z" finished-at="2015-07-17T03:07:47Z">
          <reporter-output>
          </reporter-output>
        </test-method> <!-- deleteTempDir -->
        <test-method status="PASS" signature="createTempDir()[pri:0, instance:de.letsbuildacompiler.test.CompilerTest@77f82bf8]" name="createTempDir" is-config="true" duration-ms="0" started-at="2015-07-17T03:07:47Z" finished-at="2015-07-17T03:07:47Z">
          <reporter-output>
          </reporter-output>
        </test-method> <!-- createTempDir -->
        <test-method status="PASS" signature="runningCode_outputsExpectedText(java.lang.String, java.lang.String)[pri:0, instance:de.letsbuildacompiler.test.CompilerTest@77f82bf8]" name="runningCode_outputsExpectedText" duration-ms="68" started-at="2015-07-17T03:07:47Z" data-provider="provide_code_exceptedText" finished-at="2015-07-17T03:07:47Z">
          <params>
            <param index="0">
              <value>
                <![CDATA[println(5.0<=5.1);]]>
              </value>
            </param>
            <param index="1">
              <value>
                <![CDATA[1
]]>
              </value>
            </param>
          </params>
          <reporter-output>
          </reporter-output>
        </test-method> <!-- runningCode_outputsExpectedText -->
        <test-method status="PASS" signature="createTempDir()[pri:0, instance:de.letsbuildacompiler.test.CompilerTest@77f82bf8]" name="createTempDir" is-config="true" duration-ms="1" started-at="2015-07-17T03:07:47Z" finished-at="2015-07-17T03:07:47Z">
          <reporter-output>
          </reporter-output>
        </test-method> <!-- createTempDir -->
        <test-method status="PASS" signature="deleteTempDir()[pri:0, instance:de.letsbuildacompiler.test.CompilerTest@77f82bf8]" name="deleteTempDir" is-config="true" duration-ms="0" started-at="2015-07-17T03:07:47Z" finished-at="2015-07-17T03:07:47Z">
          <reporter-output>
          </reporter-output>
        </test-method> <!-- deleteTempDir -->
        <test-method status="PASS" signature="runningCode_outputsExpectedText(java.lang.String, java.lang.String)[pri:0, instance:de.letsbuildacompiler.test.CompilerTest@77f82bf8]" name="runningCode_outputsExpectedText" duration-ms="69" started-at="2015-07-17T03:07:47Z" data-provider="provide_code_exceptedText" finished-at="2015-07-17T03:07:47Z">
          <params>
            <param index="0">
              <value>
                <![CDATA[println(5.1<=4.1);]]>
              </value>
            </param>
            <param index="1">
              <value>
                <![CDATA[0
]]>
              </value>
            </param>
          </params>
          <reporter-output>
          </reporter-output>
        </test-method> <!-- runningCode_outputsExpectedText -->
        <test-method status="PASS" signature="createTempDir()[pri:0, instance:de.letsbuildacompiler.test.CompilerTest@77f82bf8]" name="createTempDir" is-config="true" duration-ms="1" started-at="2015-07-17T03:07:47Z" finished-at="2015-07-17T03:07:47Z">
          <reporter-output>
          </reporter-output>
        </test-method> <!-- createTempDir -->
        <test-method status="PASS" signature="deleteTempDir()[pri:0, instance:de.letsbuildacompiler.test.CompilerTest@77f82bf8]" name="deleteTempDir" is-config="true" duration-ms="0" started-at="2015-07-17T03:07:47Z" finished-at="2015-07-17T03:07:47Z">
          <reporter-output>
          </reporter-output>
        </test-method> <!-- deleteTempDir -->
        <test-method status="PASS" signature="runningCode_outputsExpectedText(java.lang.String, java.lang.String)[pri:0, instance:de.letsbuildacompiler.test.CompilerTest@77f82bf8]" name="runningCode_outputsExpectedText" duration-ms="71" started-at="2015-07-17T03:07:47Z" data-provider="provide_code_exceptedText" finished-at="2015-07-17T03:07:47Z">
          <params>
            <param index="0">
              <value>
                <![CDATA[println(5.1==5.1);]]>
              </value>
            </param>
            <param index="1">
              <value>
                <![CDATA[1
]]>
              </value>
            </param>
          </params>
          <reporter-output>
          </reporter-output>
        </test-method> <!-- runningCode_outputsExpectedText -->
        <test-method status="PASS" signature="deleteTempDir()[pri:0, instance:de.letsbuildacompiler.test.CompilerTest@77f82bf8]" name="deleteTempDir" is-config="true" duration-ms="0" started-at="2015-07-17T03:07:47Z" finished-at="2015-07-17T03:07:47Z">
          <reporter-output>
          </reporter-output>
        </test-method> <!-- deleteTempDir -->
        <test-method status="PASS" signature="createTempDir()[pri:0, instance:de.letsbuildacompiler.test.CompilerTest@77f82bf8]" name="createTempDir" is-config="true" duration-ms="0" started-at="2015-07-17T03:07:47Z" finished-at="2015-07-17T03:07:47Z">
          <reporter-output>
          </reporter-output>
        </test-method> <!-- createTempDir -->
        <test-method status="PASS" signature="runningCode_outputsExpectedText(java.lang.String, java.lang.String)[pri:0, instance:de.letsbuildacompiler.test.CompilerTest@77f82bf8]" name="runningCode_outputsExpectedText" duration-ms="75" started-at="2015-07-17T03:07:47Z" data-provider="provide_code_exceptedText" finished-at="2015-07-17T03:07:47Z">
          <params>
            <param index="0">
              <value>
                <![CDATA[println(5.1==5.0);]]>
              </value>
            </param>
            <param index="1">
              <value>
                <![CDATA[0
]]>
              </value>
            </param>
          </params>
          <reporter-output>
          </reporter-output>
        </test-method> <!-- runningCode_outputsExpectedText -->
        <test-method status="PASS" signature="deleteTempDir()[pri:0, instance:de.letsbuildacompiler.test.CompilerTest@77f82bf8]" name="deleteTempDir" is-config="true" duration-ms="0" started-at="2015-07-17T03:07:47Z" finished-at="2015-07-17T03:07:47Z">
          <reporter-output>
          </reporter-output>
        </test-method> <!-- deleteTempDir -->
        <test-method status="PASS" signature="createTempDir()[pri:0, instance:de.letsbuildacompiler.test.CompilerTest@77f82bf8]" name="createTempDir" is-config="true" duration-ms="1" started-at="2015-07-17T03:07:47Z" finished-at="2015-07-17T03:07:47Z">
          <reporter-output>
          </reporter-output>
        </test-method> <!-- createTempDir -->
        <test-method status="PASS" signature="runningCode_outputsExpectedText(java.lang.String, java.lang.String)[pri:0, instance:de.letsbuildacompiler.test.CompilerTest@77f82bf8]" name="runningCode_outputsExpectedText" duration-ms="68" started-at="2015-07-17T03:07:47Z" data-provider="provide_code_exceptedText" finished-at="2015-07-17T03:07:47Z">
          <params>
            <param index="0">
              <value>
                <![CDATA[println(5.0!=5);]]>
              </value>
            </param>
            <param index="1">
              <value>
                <![CDATA[0
]]>
              </value>
            </param>
          </params>
          <reporter-output>
          </reporter-output>
        </test-method> <!-- runningCode_outputsExpectedText -->
        <test-method status="PASS" signature="deleteTempDir()[pri:0, instance:de.letsbuildacompiler.test.CompilerTest@77f82bf8]" name="deleteTempDir" is-config="true" duration-ms="0" started-at="2015-07-17T03:07:47Z" finished-at="2015-07-17T03:07:47Z">
          <reporter-output>
          </reporter-output>
        </test-method> <!-- deleteTempDir -->
        <test-method status="PASS" signature="runningCode_outputsExpectedText(java.lang.String, java.lang.String)[pri:0, instance:de.letsbuildacompiler.test.CompilerTest@77f82bf8]" name="runningCode_outputsExpectedText" duration-ms="67" started-at="2015-07-17T03:07:47Z" data-provider="provide_code_exceptedText" finished-at="2015-07-17T03:07:47Z">
          <params>
            <param index="0">
              <value>
                <![CDATA[println(5.1!=5);]]>
              </value>
            </param>
            <param index="1">
              <value>
                <![CDATA[1
]]>
              </value>
            </param>
          </params>
          <reporter-output>
          </reporter-output>
        </test-method> <!-- runningCode_outputsExpectedText -->
        <test-method status="PASS" signature="createTempDir()[pri:0, instance:de.letsbuildacompiler.test.CompilerTest@77f82bf8]" name="createTempDir" is-config="true" duration-ms="0" started-at="2015-07-17T03:07:47Z" finished-at="2015-07-17T03:07:47Z">
          <reporter-output>
          </reporter-output>
        </test-method> <!-- createTempDir -->
        <test-method status="PASS" signature="deleteTempDir()[pri:0, instance:de.letsbuildacompiler.test.CompilerTest@77f82bf8]" name="deleteTempDir" is-config="true" duration-ms="1" started-at="2015-07-17T03:07:47Z" finished-at="2015-07-17T03:07:47Z">
          <reporter-output>
          </reporter-output>
        </test-method> <!-- deleteTempDir -->
        <test-method status="PASS" signature="runningCode_outputsExpectedText(java.lang.String, java.lang.String)[pri:0, instance:de.letsbuildacompiler.test.CompilerTest@77f82bf8]" name="runningCode_outputsExpectedText" duration-ms="64" started-at="2015-07-17T03:07:47Z" data-provider="provide_code_exceptedText" finished-at="2015-07-17T03:07:47Z">
          <params>
            <param index="0">
              <value>
                <![CDATA[println(5>4);]]>
              </value>
            </param>
            <param index="1">
              <value>
                <![CDATA[1
]]>
              </value>
            </param>
          </params>
          <reporter-output>
          </reporter-output>
        </test-method> <!-- runningCode_outputsExpectedText -->
        <test-method status="PASS" signature="createTempDir()[pri:0, instance:de.letsbuildacompiler.test.CompilerTest@77f82bf8]" name="createTempDir" is-config="true" duration-ms="0" started-at="2015-07-17T03:07:47Z" finished-at="2015-07-17T03:07:47Z">
          <reporter-output>
          </reporter-output>
        </test-method> <!-- createTempDir -->
        <test-method status="PASS" signature="deleteTempDir()[pri:0, instance:de.letsbuildacompiler.test.CompilerTest@77f82bf8]" name="deleteTempDir" is-config="true" duration-ms="0" started-at="2015-07-17T03:07:47Z" finished-at="2015-07-17T03:07:47Z">
          <reporter-output>
          </reporter-output>
        </test-method> <!-- deleteTempDir -->
        <test-method status="PASS" signature="createTempDir()[pri:0, instance:de.letsbuildacompiler.test.CompilerTest@77f82bf8]" name="createTempDir" is-config="true" duration-ms="0" started-at="2015-07-17T03:07:47Z" finished-at="2015-07-17T03:07:47Z">
          <reporter-output>
          </reporter-output>
        </test-method> <!-- createTempDir -->
        <test-method status="PASS" signature="runningCode_outputsExpectedText(java.lang.String, java.lang.String)[pri:0, instance:de.letsbuildacompiler.test.CompilerTest@77f82bf8]" name="runningCode_outputsExpectedText" duration-ms="66" started-at="2015-07-17T03:07:47Z" data-provider="provide_code_exceptedText" finished-at="2015-07-17T03:07:47Z">
          <params>
            <param index="0">
              <value>
                <![CDATA[println(3>4);]]>
              </value>
            </param>
            <param index="1">
              <value>
                <![CDATA[0
]]>
              </value>
            </param>
          </params>
          <reporter-output>
          </reporter-output>
        </test-method> <!-- runningCode_outputsExpectedText -->
        <test-method status="PASS" signature="createTempDir()[pri:0, instance:de.letsbuildacompiler.test.CompilerTest@77f82bf8]" name="createTempDir" is-config="true" duration-ms="1" started-at="2015-07-17T03:07:47Z" finished-at="2015-07-17T03:07:47Z">
          <reporter-output>
          </reporter-output>
        </test-method> <!-- createTempDir -->
        <test-method status="PASS" signature="deleteTempDir()[pri:0, instance:de.letsbuildacompiler.test.CompilerTest@77f82bf8]" name="deleteTempDir" is-config="true" duration-ms="0" started-at="2015-07-17T03:07:47Z" finished-at="2015-07-17T03:07:47Z">
          <reporter-output>
          </reporter-output>
        </test-method> <!-- deleteTempDir -->
        <test-method status="PASS" signature="runningCode_outputsExpectedText(java.lang.String, java.lang.String)[pri:0, instance:de.letsbuildacompiler.test.CompilerTest@77f82bf8]" name="runningCode_outputsExpectedText" duration-ms="65" started-at="2015-07-17T03:07:47Z" data-provider="provide_code_exceptedText" finished-at="2015-07-17T03:07:47Z">
          <params>
            <param index="0">
              <value>
                <![CDATA[println(5>=5);]]>
              </value>
            </param>
            <param index="1">
              <value>
                <![CDATA[1
]]>
              </value>
            </param>
          </params>
          <reporter-output>
          </reporter-output>
        </test-method> <!-- runningCode_outputsExpectedText -->
        <test-method status="PASS" signature="deleteTempDir()[pri:0, instance:de.letsbuildacompiler.test.CompilerTest@77f82bf8]" name="deleteTempDir" is-config="true" duration-ms="0" started-at="2015-07-17T03:07:47Z" finished-at="2015-07-17T03:07:47Z">
          <reporter-output>
          </reporter-output>
        </test-method> <!-- deleteTempDir -->
        <test-method status="PASS" signature="createTempDir()[pri:0, instance:de.letsbuildacompiler.test.CompilerTest@77f82bf8]" name="createTempDir" is-config="true" duration-ms="1" started-at="2015-07-17T03:07:47Z" finished-at="2015-07-17T03:07:47Z">
          <reporter-output>
          </reporter-output>
        </test-method> <!-- createTempDir -->
        <test-method status="PASS" signature="runningCode_outputsExpectedText(java.lang.String, java.lang.String)[pri:0, instance:de.letsbuildacompiler.test.CompilerTest@77f82bf8]" name="runningCode_outputsExpectedText" duration-ms="65" started-at="2015-07-17T03:07:47Z" data-provider="provide_code_exceptedText" finished-at="2015-07-17T03:07:48Z">
          <params>
            <param index="0">
              <value>
                <![CDATA[println(4>=5);]]>
              </value>
            </param>
            <param index="1">
              <value>
                <![CDATA[0
]]>
              </value>
            </param>
          </params>
          <reporter-output>
          </reporter-output>
        </test-method> <!-- runningCode_outputsExpectedText -->
        <test-method status="PASS" signature="deleteTempDir()[pri:0, instance:de.letsbuildacompiler.test.CompilerTest@77f82bf8]" name="deleteTempDir" is-config="true" duration-ms="0" started-at="2015-07-17T03:07:48Z" finished-at="2015-07-17T03:07:48Z">
          <reporter-output>
          </reporter-output>
        </test-method> <!-- deleteTempDir -->
        <test-method status="PASS" signature="runningCode_outputsExpectedText(java.lang.String, java.lang.String)[pri:0, instance:de.letsbuildacompiler.test.CompilerTest@77f82bf8]" name="runningCode_outputsExpectedText" duration-ms="64" started-at="2015-07-17T03:07:48Z" data-provider="provide_code_exceptedText" finished-at="2015-07-17T03:07:48Z">
          <params>
            <param index="0">
              <value>
                <![CDATA[println(4<5);]]>
              </value>
            </param>
            <param index="1">
              <value>
                <![CDATA[1
]]>
              </value>
            </param>
          </params>
          <reporter-output>
          </reporter-output>
        </test-method> <!-- runningCode_outputsExpectedText -->
        <test-method status="PASS" signature="createTempDir()[pri:0, instance:de.letsbuildacompiler.test.CompilerTest@77f82bf8]" name="createTempDir" is-config="true" duration-ms="0" started-at="2015-07-17T03:07:48Z" finished-at="2015-07-17T03:07:48Z">
          <reporter-output>
          </reporter-output>
        </test-method> <!-- createTempDir -->
        <test-method status="PASS" signature="deleteTempDir()[pri:0, instance:de.letsbuildacompiler.test.CompilerTest@77f82bf8]" name="deleteTempDir" is-config="true" duration-ms="0" started-at="2015-07-17T03:07:48Z" finished-at="2015-07-17T03:07:48Z">
          <reporter-output>
          </reporter-output>
        </test-method> <!-- deleteTempDir -->
[...]
        </test-method> <!-- createTempDir -->
        <test-method status="PASS" signature="runningCode_outputsExpectedText(java.lang.String, java.lang.String)[pri:0, instance:de.letsbuildacompiler.test.CompilerTest@77f82bf8]" name="runningCode_outputsExpectedText" duration-ms="75" started-at="2015-07-17T03:07:49Z" data-provider="provide_code_exceptedText" finished-at="2015-07-17T03:07:49Z">
          <params>
            <param index="0">
              <value>
                <![CDATA[if(1==1){println(4<3.1);}else{println(322);}]]>
              </value>
            </param>
            <param index="1">
              <value>
                <![CDATA[0
]]>
              </value>
            </param>
          </params>
          <reporter-output>
          </reporter-output>
        </test-method> <!-- runningCode_outputsExpectedText -->
        <test-method status="PASS" signature="deleteTempDir()[pri:0, instance:de.letsbuildacompiler.test.CompilerTest@77f82bf8]" name="deleteTempDir" is-config="true" duration-ms="0" started-at="2015-07-17T03:07:49Z" finished-at="2015-07-17T03:07:49Z">
          <reporter-output>
          </reporter-output>
        </test-method> <!-- deleteTempDir -->
        <test-method status="PASS" signature="deleteTempDir()[pri:0, instance:de.letsbuildacompiler.test.CompilerTest@77f82bf8]" name="deleteTempDir" is-config="true" duration-ms="1" started-at="2015-07-17T03:07:49Z" finished-at="2015-07-17T03:07:49Z">
          <reporter-output>
          </reporter-output>
        </test-method> <!-- deleteTempDir -->
        <test-method status="PASS" signature="runningCode_outputsExpectedText(java.lang.String, java.lang.String)[pri:0, instance:de.letsbuildacompiler.test.CompilerTest@77f82bf8]" name="runningCode_outputsExpectedText" duration-ms="65" started-at="2015-07-17T03:07:49Z" data-provider="provide_code_exceptedText" finished-at="2015-07-17T03:07:49Z">
          <params>
            <param index="0">
              <value>
                <![CDATA[if(1==2){println(1<3.1);}else{println(322);}]]>
              </value>
            </param>
            <param index="1">
              <value>
                <![CDATA[322
]]>
              </value>
            </param>
          </params>
          <reporter-output>
          </reporter-output>
        </test-method> <!-- runningCode_outputsExpectedText -->
        <test-method status="PASS" signature="createTempDir()[pri:0, instance:de.letsbuildacompiler.test.CompilerTest@77f82bf8]" name="createTempDir" is-config="true" duration-ms="0" started-at="2015-07-17T03:07:49Z" finished-at="2015-07-17T03:07:49Z">
          <reporter-output>
          </reporter-output>
        </test-method> <!-- createTempDir -->
        <test-method status="PASS" signature="createTempDir()[pri:0, instance:de.letsbuildacompiler.test.CompilerTest@77f82bf8]" name="createTempDir" is-config="true" duration-ms="1" started-at="2015-07-17T03:07:49Z" finished-at="2015-07-17T03:07:49Z">
          <reporter-output>
          </reporter-output>
        </test-method> <!-- createTempDir -->
        <test-method status="PASS" signature="deleteTempDir()[pri:0, instance:de.letsbuildacompiler.test.CompilerTest@77f82bf8]" name="deleteTempDir" is-config="true" duration-ms="0" started-at="2015-07-17T03:07:49Z" finished-at="2015-07-17T03:07:49Z">
          <reporter-output>
          </reporter-output>
        </test-method> <!-- deleteTempDir -->
        <test-method status="PASS" signature="runningCode_outputsExpectedText(java.lang.String, java.lang.String)[pri:0, instance:de.letsbuildacompiler.test.CompilerTest@77f82bf8]" name="runningCode_outputsExpectedText" duration-ms="64" started-at="2015-07-17T03:07:49Z" data-provider="provide_code_exceptedText" finished-at="2015-07-17T03:07:49Z">
          <params>
            <param index="0">
              <value>
                <![CDATA[int foo; foo=42; println(foo);]]>
              </value>
            </param>
            <param index="1">
              <value>
                <![CDATA[42
]]>
              </value>
            </param>
          </params>
          <reporter-output>
          </reporter-output>
        </test-method> <!-- runningCode_outputsExpectedText -->
        <test-method status="PASS" signature="createTempDir()[pri:0, instance:de.letsbuildacompiler.test.CompilerTest@77f82bf8]" name="createTempDir" is-config="true" duration-ms="1" started-at="2015-07-17T03:07:49Z" finished-at="2015-07-17T03:07:49Z">
          <reporter-output>
          </reporter-output>
        </test-method> <!-- createTempDir -->
        <test-method status="PASS" signature="deleteTempDir()[pri:0, instance:de.letsbuildacompiler.test.CompilerTest@77f82bf8]" name="deleteTempDir" is-config="true" duration-ms="0" started-at="2015-07-17T03:07:49Z" finished-at="2015-07-17T03:07:49Z">
          <reporter-output>
          </reporter-output>
        </test-method> <!-- deleteTempDir -->
        <test-method status="PASS" signature="runningCode_outputsExpectedText(java.lang.String, java.lang.String)[pri:0, instance:de.letsbuildacompiler.test.CompilerTest@77f82bf8]" name="runningCode_outputsExpectedText" duration-ms="64" started-at="2015-07-17T03:07:49Z" data-provider="provide_code_exceptedText" finished-at="2015-07-17T03:07:49Z">
          <params>
            <param index="0">
              <value>
                <![CDATA[int foo; foo = 42; println(foo+2);]]>
              </value>
            </param>
            <param index="1">
              <value>
                <![CDATA[44
]]>
              </value>
            </param>
          </params>
          <reporter-output>
          </reporter-output>
        </test-method> <!-- runningCode_outputsExpectedText -->
        <test-method status="PASS" signature="createTempDir()[pri:0, instance:de.letsbuildacompiler.test.CompilerTest@77f82bf8]" name="createTempDir" is-config="true" duration-ms="1" started-at="2015-07-17T03:07:49Z" finished-at="2015-07-17T03:07:49Z">
          <reporter-output>
          </reporter-output>
        </test-method> <!-- createTempDir -->
        <test-method status="PASS" signature="deleteTempDir()[pri:0, instance:de.letsbuildacompiler.test.CompilerTest@77f82bf8]" name="deleteTempDir" is-config="true" duration-ms="0" started-at="2015-07-17T03:07:49Z" finished-at="2015-07-17T03:07:49Z">
          <reporter-output>
          </reporter-output>
        </test-method> <!-- deleteTempDir -->
        <test-method status="PASS" signature="runningCode_outputsExpectedText(java.lang.String, java.lang.String)[pri:0, instance:de.letsbuildacompiler.test.CompilerTest@77f82bf8]" name="runningCode_outputsExpectedText" duration-ms="66" started-at="2015-07-17T03:07:49Z" data-provider="provide_code_exceptedText" finished-at="2015-07-17T03:07:49Z">
          <params>
            <param index="0">
              <value>
                <![CDATA[int a; int b; a = 2; b = 5; println(a+b);]]>
              </value>
            </param>
            <param index="1">
              <value>
                <![CDATA[7
]]>
              </value>
            </param>
          </params>
          <reporter-output>
          </reporter-output>
        </test-method> <!-- runningCode_outputsExpectedText -->
        <test-method status="PASS" signature="deleteTempDir()[pri:0, instance:de.letsbuildacompiler.test.CompilerTest@77f82bf8]" name="deleteTempDir" is-config="true" duration-ms="0" started-at="2015-07-17T03:07:49Z" finished-at="2015-07-17T03:07:49Z">
          <reporter-output>
          </reporter-output>
        </test-method> <!-- deleteTempDir -->
        <test-method status="PASS" signature="createTempDir()[pri:0, instance:de.letsbuildacompiler.test.CompilerTest@77f82bf8]" name="createTempDir" is-config="true" duration-ms="1" started-at="2015-07-17T03:07:49Z" finished-at="2015-07-17T03:07:49Z">
          <reporter-output>
          </reporter-output>
        </test-method> <!-- createTempDir -->
        <test-method status="PASS" signature="runningCode_outputsExpectedText(java.lang.String, java.lang.String)[pri:0, instance:de.letsbuildacompiler.test.CompilerTest@77f82bf8]" name="runningCode_outputsExpectedText" duration-ms="66" started-at="2015-07-17T03:07:49Z" data-provider="provide_code_exceptedText" finished-at="2015-07-17T03:07:49Z">
          <params>
            <param index="0">
              <value>
                <![CDATA[int foo=42; println(foo);]]>
              </value>
            </param>
            <param index="1">
              <value>
                <![CDATA[42
]]>
              </value>
            </param>
          </params>
          <reporter-output>
          </reporter-output>
        </test-method> <!-- runningCode_outputsExpectedText -->
        <test-method status="PASS" signature="createTempDir()[pri:0, instance:de.letsbuildacompiler.test.CompilerTest@77f82bf8]" name="createTempDir" is-config="true" duration-ms="0" started-at="2015-07-17T03:07:49Z" finished-at="2015-07-17T03:07:49Z">
          <reporter-output>
          </reporter-output>
        </test-method> <!-- createTempDir -->
        <test-method status="PASS" signature="deleteTempDir()[pri:0, instance:de.letsbuildacompiler.test.CompilerTest@77f82bf8]" name="deleteTempDir" is-config="true" duration-ms="0" started-at="2015-07-17T03:07:49Z" finished-at="2015-07-17T03:07:49Z">
          <reporter-output>
          </reporter-output>
        </test-method> <!-- deleteTempDir -->
        <test-method status="PASS" signature="runningCode_outputsExpectedText(java.lang.String, java.lang.String)[pri:0, instance:de.letsbuildacompiler.test.CompilerTest@77f82bf8]" name="runningCode_outputsExpectedText" duration-ms="66" started-at="2015-07-17T03:07:49Z" data-provider="provide_code_exceptedText" finished-at="2015-07-17T03:07:49Z">
          <params>
            <param index="0">
              <value>
                <![CDATA[int foo = 42; println(foo+2);]]>
              </value>
            </param>
            <param index="1">
              <value>
                <![CDATA[44
]]>
              </value>
            </param>
          </params>
          <reporter-output>
          </reporter-output>
        </test-method> <!-- runningCode_outputsExpectedText -->
        <test-method status="PASS" signature="deleteTempDir()[pri:0, instance:de.letsbuildacompiler.test.CompilerTest@77f82bf8]" name="deleteTempDir" is-config="true" duration-ms="1" started-at="2015-07-17T03:07:49Z" finished-at="2015-07-17T03:07:49Z">
          <reporter-output>
          </reporter-output>
        </test-method> <!-- deleteTempDir -->
        <test-method status="PASS" signature="createTempDir()[pri:0, instance:de.letsbuildacompiler.test.CompilerTest@77f82bf8]" name="createTempDir" is-config="true" duration-ms="0" started-at="2015-07-17T03:07:49Z" finished-at="2015-07-17T03:07:49Z">
          <reporter-output>
          </reporter-output>
        </test-method> <!-- createTempDir -->
        <test-method status="PASS" signature="runningCode_outputsExpectedText(java.lang.String, java.lang.String)[pri:0, instance:de.letsbuildacompiler.test.CompilerTest@77f82bf8]" name="runningCode_outputsExpectedText" duration-ms="63" started-at="2015-07-17T03:07:49Z" data-provider="provide_code_exceptedText" finished-at="2015-07-17T03:07:49Z">
          <params>
            <param index="0">
              <value>
                <![CDATA[int a; int b = 5; a = 2;a =5; println(a+b);]]>
              </value>
            </param>
            <param index="1">
              <value>
                <![CDATA[10
]]>
              </value>
            </param>
          </params>
          <reporter-output>
          </reporter-output>
        </test-method> <!-- runningCode_outputsExpectedText -->
        <test-method status="PASS" signature="deleteTempDir()[pri:0, instance:de.letsbuildacompiler.test.CompilerTest@77f82bf8]" name="deleteTempDir" is-config="true" duration-ms="1" started-at="2015-07-17T03:07:49Z" finished-at="2015-07-17T03:07:49Z">
          <reporter-output>
          </reporter-output>
        </test-method> <!-- deleteTempDir -->
        <test-method status="PASS" signature="runningCode_outputsExpectedText(java.lang.String, java.lang.String)[pri:0, instance:de.letsbuildacompiler.test.CompilerTest@77f82bf8]" name="runningCode_outputsExpectedText" duration-ms="70" started-at="2015-07-17T03:07:49Z" data-provider="provide_code_exceptedText" finished-at="2015-07-17T03:07:49Z">
          <params>
            <param index="0">
              <value>
                <![CDATA[int randomNumber (){return 322;} 
println(randomNumber());]]>
              </value>
            </param>
            <param index="1">
              <value>
                <![CDATA[322
]]>
              </value>
            </param>
          </params>
          <reporter-output>
          </reporter-output>
        </test-method> <!-- runningCode_outputsExpectedText -->
        <test-method status="PASS" signature="createTempDir()[pri:0, instance:de.letsbuildacompiler.test.CompilerTest@77f82bf8]" name="createTempDir" is-config="true" duration-ms="0" started-at="2015-07-17T03:07:49Z" finished-at="2015-07-17T03:07:49Z">
          <reporter-output>
          </reporter-output>
        </test-method> <!-- createTempDir -->
        <test-method status="PASS" signature="deleteTempDir()[pri:0, instance:de.letsbuildacompiler.test.CompilerTest@77f82bf8]" name="deleteTempDir" is-config="true" duration-ms="1" started-at="2015-07-17T03:07:49Z" finished-at="2015-07-17T03:07:49Z">
          <reporter-output>
          </reporter-output>
        </test-method> <!-- deleteTempDir -->
        <test-method status="PASS" signature="runningCode_outputsExpectedText(java.lang.String, java.lang.String)[pri:0, instance:de.letsbuildacompiler.test.CompilerTest@77f82bf8]" name="runningCode_outputsExpectedText" duration-ms="71" started-at="2015-07-17T03:07:49Z" data-provider="provide_code_exceptedText" finished-at="2015-07-17T03:07:49Z">
          <params>
            <param index="0">
              <value>
                <![CDATA[int randomNumber (){int a; a = 322;
return a;}
println(randomNumber());int a; a = 4;println(a);]]>
              </value>
            </param>
            <param index="1">
              <value>
                <![CDATA[322
4
]]>
              </value>
            </param>
          </params>
          <reporter-output>
          </reporter-output>
        </test-method> <!-- runningCode_outputsExpectedText -->
        <test-method status="PASS" signature="createTempDir()[pri:0, instance:de.letsbuildacompiler.test.CompilerTest@77f82bf8]" name="createTempDir" is-config="true" duration-ms="0" started-at="2015-07-17T03:07:49Z" finished-at="2015-07-17T03:07:49Z">
          <reporter-output>
          </reporter-output>
        </test-method> <!-- createTempDir -->
        <test-method status="PASS" signature="deleteTempDir()[pri:0, instance:de.letsbuildacompiler.test.CompilerTest@77f82bf8]" name="deleteTempDir" is-config="true" duration-ms="1" started-at="2015-07-17T03:07:49Z" finished-at="2015-07-17T03:07:49Z">
          <reporter-output>
          </reporter-output>
        </test-method> <!-- deleteTempDir -->
        <test-method status="PASS" signature="runningCode_outputsExpectedText(java.lang.String, java.lang.String)[pri:0, instance:de.letsbuildacompiler.test.CompilerTest@77f82bf8]" name="runningCode_outputsExpectedText" duration-ms="63" started-at="2015-07-17T03:07:49Z" data-provider="provide_code_exceptedText" finished-at="2015-07-17T03:07:49Z">
          <params>
            <param index="0">
              <value>
                <![CDATA[int a = 161;int b = 161;println(b+a == b+a);]]>
              </value>
            </param>
            <param index="1">
              <value>
                <![CDATA[1
]]>
              </value>
            </param>
          </params>
          <reporter-output>
          </reporter-output>
        </test-method> <!-- runningCode_outputsExpectedText -->
        <test-method status="PASS" signature="createTempDir()[pri:0, instance:de.letsbuildacompiler.test.CompilerTest@77f82bf8]" name="createTempDir" is-config="true" duration-ms="0" started-at="2015-07-17T03:07:49Z" finished-at="2015-07-17T03:07:49Z">
          <reporter-output>
          </reporter-output>
        </test-method> <!-- createTempDir -->
        <test-method status="PASS" signature="createTempDir()[pri:0, instance:de.letsbuildacompiler.test.CompilerTest@77f82bf8]" name="createTempDir" is-config="true" duration-ms="6" started-at="2015-07-17T03:07:49Z" finished-at="2015-07-17T03:07:49Z">
          <reporter-output>
          </reporter-output>
        </test-method> <!-- createTempDir -->
        <test-method status="PASS" signature="deleteTempDir()[pri:0, instance:de.letsbuildacompiler.test.CompilerTest@77f82bf8]" name="deleteTempDir" is-config="true" duration-ms="0" started-at="2015-07-17T03:07:49Z" finished-at="2015-07-17T03:07:49Z">
          <reporter-output>
          </reporter-output>
        </test-method> <!-- deleteTempDir -->
        <test-method status="PASS" signature="runningCode_outputsExpectedText(java.lang.String, java.lang.String)[pri:0, instance:de.letsbuildacompiler.test.CompilerTest@77f82bf8]" name="runningCode_outputsExpectedText" duration-ms="68" started-at="2015-07-17T03:07:49Z" data-provider="provide_code_exceptedText" finished-at="2015-07-17T03:07:49Z">
          <params>
            <param index="0">
              <value>
                <![CDATA[int somar (int a,int b) {return a+b;}
println(somar(111,211));]]>
              </value>
            </param>
            <param index="1">
              <value>
                <![CDATA[322
]]>
              </value>
            </param>
          </params>
          <reporter-output>
          </reporter-output>
        </test-method> <!-- runningCode_outputsExpectedText -->
        <test-method status="PASS" signature="deleteTempDir()[pri:0, instance:de.letsbuildacompiler.test.CompilerTest@77f82bf8]" name="deleteTempDir" is-config="true" duration-ms="1" started-at="2015-07-17T03:07:49Z" finished-at="2015-07-17T03:07:49Z">
          <reporter-output>
          </reporter-output>
        </test-method> <!-- deleteTempDir -->
        <test-method status="PASS" signature="createTempDir()[pri:0, instance:de.letsbuildacompiler.test.CompilerTest@77f82bf8]" name="createTempDir" is-config="true" duration-ms="0" started-at="2015-07-17T03:07:49Z" finished-at="2015-07-17T03:07:49Z">
          <reporter-output>
          </reporter-output>
        </test-method> <!-- createTempDir -->
        <test-method status="PASS" signature="runningCode_outputsExpectedText(java.lang.String, java.lang.String)[pri:0, instance:de.letsbuildacompiler.test.CompilerTest@77f82bf8]" name="runningCode_outputsExpectedText" duration-ms="63" started-at="2015-07-17T03:07:49Z" data-provider="provide_code_exceptedText" finished-at="2015-07-17T03:07:50Z">
          <params>
            <param index="0">
              <value>
                <![CDATA[int somar (int a,int b) {return a+b;}
int a;a=3;println(somar(111,211));]]>
              </value>
            </param>
            <param index="1">
              <value>
                <![CDATA[322
]]>
              </value>
            </param>
          </params>
          <reporter-output>
          </reporter-output>
        </test-method> <!-- runningCode_outputsExpectedText -->
        <test-method status="PASS" signature="deleteTempDir()[pri:0, instance:de.letsbuildacompiler.test.CompilerTest@77f82bf8]" name="deleteTempDir" is-config="true" duration-ms="0" started-at="2015-07-17T03:07:50Z" finished-at="2015-07-17T03:07:50Z">
          <reporter-output>
          </reporter-output>
        </test-method> <!-- deleteTempDir -->
      </class> <!-- de.letsbuildacompiler.test.CompilerTest -->
    </test> <!-- Default test -->
  </suite> <!-- Default suite -->
</testng-results>
