<?xml version="1.0" encoding="UTF-8"?>
<testng-results skipped="0" failed="0" total="36" passed="36">
  <reporter-output>
  </reporter-output>
  <suite name="Default suite" duration-ms="3464" started-at="2015-06-18T03:29:02Z" finished-at="2015-06-18T03:29:06Z">
    <groups>
    </groups>
    <test name="Default test" duration-ms="3464" started-at="2015-06-18T03:29:02Z" finished-at="2015-06-18T03:29:06Z">
      <class name="de.letsbuildacompiler.test.CompilerTest">
        <test-method status="PASS" signature="createTempDir()[pri:0, instance:de.letsbuildacompiler.test.CompilerTest@483bf400]" name="createTempDir" is-config="true" duration-ms="11" started-at="2015-06-18T00:29:02Z" finished-at="2015-06-18T00:29:02Z">
          <reporter-output>
          </reporter-output>
        </test-method> <!-- createTempDir -->
        <test-method status="PASS" signature="compilingCode_throwsUndeclaredVariableException_ifReadingUndefinedVariableIsUndefined()[pri:0, instance:de.letsbuildacompiler.test.CompilerTest@483bf400]" name="compilingCode_throwsUndeclaredVariableException_ifReadingUndefinedVariableIsUndefined" duration-ms="107" started-at="2015-06-18T00:29:02Z" finished-at="2015-06-18T00:29:02Z">
          <exception class="de.letsbuildacompiler.compiler.exceptions.UndeclaredVariableException">
            <message>
              <![CDATA[1:8 undeclared variable <x>]]>
            </message>
            <full-stacktrace>
              <![CDATA[de.letsbuildacompiler.compiler.exceptions.UndeclaredVariableException: 1:8 undeclared variable <x>
	at de.letsbuildacompiler.compiler.MyVisitor.requireVariableIndex(MyVisitor.java:162)
	at de.letsbuildacompiler.compiler.MyVisitor.visitCarregarValor(MyVisitor.java:96)
	at de.letsbuildacompiler.compiler.MyVisitor.visitCarregarValor(MyVisitor.java:1)
	at de.letsbuildacompiler.parser.GramaticaParser$CarregarValorContext.accept(GramaticaParser.java:739)
	at org.antlr.v4.runtime.tree.AbstractParseTreeVisitor.visitChildren(AbstractParseTreeVisitor.java:70)
	at de.letsbuildacompiler.parser.GramaticaBaseVisitor.visitChamarLvalue(GramaticaBaseVisitor.java:119)
	at de.letsbuildacompiler.parser.GramaticaParser$ChamarLvalueContext.accept(GramaticaParser.java:2083)
	at org.antlr.v4.runtime.tree.AbstractParseTreeVisitor.visitChildren(AbstractParseTreeVisitor.java:70)
	at de.letsbuildacompiler.parser.GramaticaBaseVisitor.visitFator(GramaticaBaseVisitor.java:112)
	at de.letsbuildacompiler.parser.GramaticaParser$FatorContext.accept(GramaticaParser.java:1859)
	at org.antlr.v4.runtime.tree.AbstractParseTreeVisitor.visitChildren(AbstractParseTreeVisitor.java:70)
	at de.letsbuildacompiler.parser.GramaticaBaseVisitor.visitNumexpr(GramaticaBaseVisitor.java:217)
	at de.letsbuildacompiler.parser.GramaticaParser$NumexprContext.accept(GramaticaParser.java:1682)
	at org.antlr.v4.runtime.tree.AbstractParseTreeVisitor.visit(AbstractParseTreeVisitor.java:42)
	at de.letsbuildacompiler.compiler.MyVisitor.visitPrintln(MyVisitor.java:55)
	at de.letsbuildacompiler.compiler.MyVisitor.visitPrintln(MyVisitor.java:1)
	at de.letsbuildacompiler.parser.GramaticaParser$PrintlnContext.accept(GramaticaParser.java:259)
	at org.antlr.v4.runtime.tree.AbstractParseTreeVisitor.visitChildren(AbstractParseTreeVisitor.java:70)
	at de.letsbuildacompiler.parser.GramaticaBaseVisitor.visitStatement(GramaticaBaseVisitor.java:133)
	at de.letsbuildacompiler.parser.GramaticaParser$StatementContext.accept(GramaticaParser.java:205)
	at org.antlr.v4.runtime.tree.AbstractParseTreeVisitor.visitChildren(AbstractParseTreeVisitor.java:70)
	at de.letsbuildacompiler.parser.GramaticaBaseVisitor.visitComandoNormal(GramaticaBaseVisitor.java:35)
	at de.letsbuildacompiler.parser.GramaticaParser$ComandoNormalContext.accept(GramaticaParser.java:140)
	at org.antlr.v4.runtime.tree.AbstractParseTreeVisitor.visit(AbstractParseTreeVisitor.java:42)
	at de.letsbuildacompiler.compiler.MyVisitor.visitTeste(MyVisitor.java:227)
	at de.letsbuildacompiler.compiler.MyVisitor.visitTeste(MyVisitor.java:1)
	at de.letsbuildacompiler.parser.GramaticaParser$TesteContext.accept(GramaticaParser.java:84)
	at org.antlr.v4.runtime.tree.AbstractParseTreeVisitor.visit(AbstractParseTreeVisitor.java:42)
	at de.letsbuildacompiler.compiler.Main.compile(Main.java:34)
	at de.letsbuildacompiler.test.CompilerTest.compileAndRun(CompilerTest.java:60)
	at de.letsbuildacompiler.test.CompilerTest.compilingCode_throwsUndeclaredVariableException_ifReadingUndefinedVariableIsUndefined(CompilerTest.java:76)
	at sun.reflect.NativeMethodAccessorImpl.invoke0(Native Method)
	at sun.reflect.NativeMethodAccessorImpl.invoke(NativeMethodAccessorImpl.java:62)
	at sun.reflect.DelegatingMethodAccessorImpl.invoke(DelegatingMethodAccessorImpl.java:43)
	at java.lang.reflect.Method.invoke(Method.java:497)
	at org.testng.internal.MethodInvocationHelper.invokeMethod(MethodInvocationHelper.java:85)
	at org.testng.internal.Invoker.invokeMethod(Invoker.java:663)
	at org.testng.internal.Invoker.invokeTestMethod(Invoker.java:849)
	at org.testng.internal.Invoker.invokeTestMethods(Invoker.java:1157)
	at org.testng.internal.TestMethodWorker.invokeTestMethods(TestMethodWorker.java:124)
	at org.testng.internal.TestMethodWorker.run(TestMethodWorker.java:108)
	at org.testng.TestRunner.privateRun(TestRunner.java:771)
	at org.testng.TestRunner.run(TestRunner.java:621)
	at org.testng.SuiteRunner.runTest(SuiteRunner.java:357)
	at org.testng.SuiteRunner.runSequentially(SuiteRunner.java:352)
	at org.testng.SuiteRunner.privateRun(SuiteRunner.java:310)
	at org.testng.SuiteRunner.run(SuiteRunner.java:259)
	at org.testng.SuiteRunnerWorker.runSuite(SuiteRunnerWorker.java:52)
	at org.testng.SuiteRunnerWorker.run(SuiteRunnerWorker.java:86)
	at org.testng.TestNG.runSuitesSequentially(TestNG.java:1200)
	at org.testng.TestNG.runSuitesLocally(TestNG.java:1125)
	at org.testng.TestNG.run(TestNG.java:1033)
	at org.testng.remote.RemoteTestNG.run(RemoteTestNG.java:111)
	at org.testng.remote.RemoteTestNG.initAndRun(RemoteTestNG.java:204)
	at org.testng.remote.RemoteTestNG.main(RemoteTestNG.java:175)
]]>
            </full-stacktrace>
          </exception> <!-- de.letsbuildacompiler.compiler.exceptions.UndeclaredVariableException -->
          <reporter-output>
          </reporter-output>
        </test-method> <!-- compilingCode_throwsUndeclaredVariableException_ifReadingUndefinedVariableIsUndefined -->
        <test-method status="PASS" signature="deleteTempDir()[pri:0, instance:de.letsbuildacompiler.test.CompilerTest@483bf400]" name="deleteTempDir" is-config="true" duration-ms="0" started-at="2015-06-18T00:29:02Z" finished-at="2015-06-18T00:29:02Z">
          <reporter-output>
          </reporter-output>
        </test-method> <!-- deleteTempDir -->
        <test-method status="PASS" signature="compilingCode_throwsUndeclaredVariableException_ifWritingUndefinedVariableIsUndefined()[pri:0, instance:de.letsbuildacompiler.test.CompilerTest@483bf400]" name="compilingCode_throwsUndeclaredVariableException_ifWritingUndefinedVariableIsUndefined" duration-ms="5" started-at="2015-06-18T00:29:02Z" finished-at="2015-06-18T00:29:02Z">
          <exception class="de.letsbuildacompiler.compiler.exceptions.UndeclaredVariableException">
            <message>
              <![CDATA[1:0 undeclared variable <x>]]>
            </message>
            <full-stacktrace>
              <![CDATA[de.letsbuildacompiler.compiler.exceptions.UndeclaredVariableException: 1:0 undeclared variable <x>
	at de.letsbuildacompiler.compiler.MyVisitor.requireVariableIndex(MyVisitor.java:162)
	at de.letsbuildacompiler.compiler.MyVisitor.visitAtribuicao(MyVisitor.java:90)
	at de.letsbuildacompiler.compiler.MyVisitor.visitAtribuicao(MyVisitor.java:1)
	at de.letsbuildacompiler.parser.GramaticaParser$AtribuicaoContext.accept(GramaticaParser.java:664)
	at org.antlr.v4.runtime.tree.AbstractParseTreeVisitor.visitChildren(AbstractParseTreeVisitor.java:70)
	at de.letsbuildacompiler.parser.GramaticaBaseVisitor.visitEscopoclasse(GramaticaBaseVisitor.java:63)
	at de.letsbuildacompiler.parser.GramaticaParser$EscopoclasseContext.accept(GramaticaParser.java:411)
	at org.antlr.v4.runtime.tree.AbstractParseTreeVisitor.visitChildren(AbstractParseTreeVisitor.java:70)
	at de.letsbuildacompiler.parser.GramaticaBaseVisitor.visitStatement(GramaticaBaseVisitor.java:133)
	at de.letsbuildacompiler.parser.GramaticaParser$StatementContext.accept(GramaticaParser.java:205)
	at org.antlr.v4.runtime.tree.AbstractParseTreeVisitor.visitChildren(AbstractParseTreeVisitor.java:70)
	at de.letsbuildacompiler.parser.GramaticaBaseVisitor.visitComandoNormal(GramaticaBaseVisitor.java:35)
	at de.letsbuildacompiler.parser.GramaticaParser$ComandoNormalContext.accept(GramaticaParser.java:140)
	at org.antlr.v4.runtime.tree.AbstractParseTreeVisitor.visit(AbstractParseTreeVisitor.java:42)
	at de.letsbuildacompiler.compiler.MyVisitor.visitTeste(MyVisitor.java:227)
	at de.letsbuildacompiler.compiler.MyVisitor.visitTeste(MyVisitor.java:1)
	at de.letsbuildacompiler.parser.GramaticaParser$TesteContext.accept(GramaticaParser.java:84)
	at org.antlr.v4.runtime.tree.AbstractParseTreeVisitor.visit(AbstractParseTreeVisitor.java:42)
	at de.letsbuildacompiler.compiler.Main.compile(Main.java:34)
	at de.letsbuildacompiler.test.CompilerTest.compileAndRun(CompilerTest.java:60)
	at de.letsbuildacompiler.test.CompilerTest.compilingCode_throwsUndeclaredVariableException_ifWritingUndefinedVariableIsUndefined(CompilerTest.java:85)
	at sun.reflect.NativeMethodAccessorImpl.invoke0(Native Method)
	at sun.reflect.NativeMethodAccessorImpl.invoke(NativeMethodAccessorImpl.java:62)
	at sun.reflect.DelegatingMethodAccessorImpl.invoke(DelegatingMethodAccessorImpl.java:43)
	at java.lang.reflect.Method.invoke(Method.java:497)
	at org.testng.internal.MethodInvocationHelper.invokeMethod(MethodInvocationHelper.java:85)
	at org.testng.internal.Invoker.invokeMethod(Invoker.java:663)
	at org.testng.internal.Invoker.invokeTestMethod(Invoker.java:849)
	at org.testng.internal.Invoker.invokeTestMethods(Invoker.java:1157)
	at org.testng.internal.TestMethodWorker.invokeTestMethods(TestMethodWorker.java:124)
	at org.testng.internal.TestMethodWorker.run(TestMethodWorker.java:108)
	at org.testng.TestRunner.privateRun(TestRunner.java:771)
	at org.testng.TestRunner.run(TestRunner.java:621)
	at org.testng.SuiteRunner.runTest(SuiteRunner.java:357)
	at org.testng.SuiteRunner.runSequentially(SuiteRunner.java:352)
	at org.testng.SuiteRunner.privateRun(SuiteRunner.java:310)
	at org.testng.SuiteRunner.run(SuiteRunner.java:259)
	at org.testng.SuiteRunnerWorker.runSuite(SuiteRunnerWorker.java:52)
	at org.testng.SuiteRunnerWorker.run(SuiteRunnerWorker.java:86)
	at org.testng.TestNG.runSuitesSequentially(TestNG.java:1200)
	at org.testng.TestNG.runSuitesLocally(TestNG.java:1125)
	at org.testng.TestNG.run(TestNG.java:1033)
	at org.testng.remote.RemoteTestNG.run(RemoteTestNG.java:111)
	at org.testng.remote.RemoteTestNG.initAndRun(RemoteTestNG.java:204)
	at org.testng.remote.RemoteTestNG.main(RemoteTestNG.java:175)
]]>
            </full-stacktrace>
          </exception> <!-- de.letsbuildacompiler.compiler.exceptions.UndeclaredVariableException -->
          <reporter-output>
          </reporter-output>
        </test-method> <!-- compilingCode_throwsUndeclaredVariableException_ifWritingUndefinedVariableIsUndefined -->
        <test-method status="PASS" signature="createTempDir()[pri:0, instance:de.letsbuildacompiler.test.CompilerTest@483bf400]" name="createTempDir" is-config="true" duration-ms="0" started-at="2015-06-18T00:29:02Z" finished-at="2015-06-18T00:29:02Z">
          <reporter-output>
          </reporter-output>
        </test-method> <!-- createTempDir -->
        <test-method status="PASS" signature="deleteTempDir()[pri:0, instance:de.letsbuildacompiler.test.CompilerTest@483bf400]" name="deleteTempDir" is-config="true" duration-ms="0" started-at="2015-06-18T00:29:02Z" finished-at="2015-06-18T00:29:02Z">
          <reporter-output>
          </reporter-output>
        </test-method> <!-- deleteTempDir -->
        <test-method status="PASS" signature="compilingCode_throwsVariableeAlreadyDefinedException_whenDefiningAlreadyDefinedVariable()[pri:0, instance:de.letsbuildacompiler.test.CompilerTest@483bf400]" name="compilingCode_throwsVariableeAlreadyDefinedException_whenDefiningAlreadyDefinedVariable" duration-ms="2" started-at="2015-06-18T00:29:02Z" finished-at="2015-06-18T00:29:02Z">
          <exception class="de.letsbuildacompiler.compiler.exceptions.VariableAlreadyDefinedException">
            <message>
              <![CDATA[2:4 variable already defined: <x>]]>
            </message>
            <full-stacktrace>
              <![CDATA[de.letsbuildacompiler.compiler.exceptions.VariableAlreadyDefinedException: 2:4 variable already defined: <x>
	at de.letsbuildacompiler.compiler.MyVisitor.visitDeclaracaoVariaveis(MyVisitor.java:63)
	at de.letsbuildacompiler.compiler.MyVisitor.visitDeclaracaoVariaveis(MyVisitor.java:1)
	at de.letsbuildacompiler.parser.GramaticaParser$DeclaracaoVariaveisContext.accept(GramaticaParser.java:492)
	at org.antlr.v4.runtime.tree.AbstractParseTreeVisitor.visitChildren(AbstractParseTreeVisitor.java:70)
	at de.letsbuildacompiler.parser.GramaticaBaseVisitor.visitEscopoclasse(GramaticaBaseVisitor.java:63)
	at de.letsbuildacompiler.parser.GramaticaParser$EscopoclasseContext.accept(GramaticaParser.java:411)
	at org.antlr.v4.runtime.tree.AbstractParseTreeVisitor.visitChildren(AbstractParseTreeVisitor.java:70)
	at de.letsbuildacompiler.parser.GramaticaBaseVisitor.visitStatement(GramaticaBaseVisitor.java:133)
	at de.letsbuildacompiler.parser.GramaticaParser$StatementContext.accept(GramaticaParser.java:205)
	at org.antlr.v4.runtime.tree.AbstractParseTreeVisitor.visitChildren(AbstractParseTreeVisitor.java:70)
	at de.letsbuildacompiler.parser.GramaticaBaseVisitor.visitComandoNormal(GramaticaBaseVisitor.java:35)
	at de.letsbuildacompiler.parser.GramaticaParser$ComandoNormalContext.accept(GramaticaParser.java:140)
	at org.antlr.v4.runtime.tree.AbstractParseTreeVisitor.visit(AbstractParseTreeVisitor.java:42)
	at de.letsbuildacompiler.compiler.MyVisitor.visitTeste(MyVisitor.java:227)
	at de.letsbuildacompiler.compiler.MyVisitor.visitTeste(MyVisitor.java:1)
	at de.letsbuildacompiler.parser.GramaticaParser$TesteContext.accept(GramaticaParser.java:84)
	at org.antlr.v4.runtime.tree.AbstractParseTreeVisitor.visit(AbstractParseTreeVisitor.java:42)
	at de.letsbuildacompiler.compiler.Main.compile(Main.java:34)
	at de.letsbuildacompiler.test.CompilerTest.compileAndRun(CompilerTest.java:60)
	at de.letsbuildacompiler.test.CompilerTest.compilingCode_throwsVariableeAlreadyDefinedException_whenDefiningAlreadyDefinedVariable(CompilerTest.java:94)
	at sun.reflect.NativeMethodAccessorImpl.invoke0(Native Method)
	at sun.reflect.NativeMethodAccessorImpl.invoke(NativeMethodAccessorImpl.java:62)
	at sun.reflect.DelegatingMethodAccessorImpl.invoke(DelegatingMethodAccessorImpl.java:43)
	at java.lang.reflect.Method.invoke(Method.java:497)
	at org.testng.internal.MethodInvocationHelper.invokeMethod(MethodInvocationHelper.java:85)
	at org.testng.internal.Invoker.invokeMethod(Invoker.java:663)
	at org.testng.internal.Invoker.invokeTestMethod(Invoker.java:849)
	at org.testng.internal.Invoker.invokeTestMethods(Invoker.java:1157)
	at org.testng.internal.TestMethodWorker.invokeTestMethods(TestMethodWorker.java:124)
	at org.testng.internal.TestMethodWorker.run(TestMethodWorker.java:108)
	at org.testng.TestRunner.privateRun(TestRunner.java:771)
	at org.testng.TestRunner.run(TestRunner.java:621)
	at org.testng.SuiteRunner.runTest(SuiteRunner.java:357)
	at org.testng.SuiteRunner.runSequentially(SuiteRunner.java:352)
	at org.testng.SuiteRunner.privateRun(SuiteRunner.java:310)
	at org.testng.SuiteRunner.run(SuiteRunner.java:259)
	at org.testng.SuiteRunnerWorker.runSuite(SuiteRunnerWorker.java:52)
	at org.testng.SuiteRunnerWorker.run(SuiteRunnerWorker.java:86)
	at org.testng.TestNG.runSuitesSequentially(TestNG.java:1200)
	at org.testng.TestNG.runSuitesLocally(TestNG.java:1125)
	at org.testng.TestNG.run(TestNG.java:1033)
	at org.testng.remote.RemoteTestNG.run(RemoteTestNG.java:111)
	at org.testng.remote.RemoteTestNG.initAndRun(RemoteTestNG.java:204)
	at org.testng.remote.RemoteTestNG.main(RemoteTestNG.java:175)
]]>
            </full-stacktrace>
          </exception> <!-- de.letsbuildacompiler.compiler.exceptions.VariableAlreadyDefinedException -->
          <reporter-output>
          </reporter-output>
        </test-method> <!-- compilingCode_throwsVariableeAlreadyDefinedException_whenDefiningAlreadyDefinedVariable -->
        <test-method status="PASS" signature="createTempDir()[pri:0, instance:de.letsbuildacompiler.test.CompilerTest@483bf400]" name="createTempDir" is-config="true" duration-ms="0" started-at="2015-06-18T00:29:02Z" finished-at="2015-06-18T00:29:02Z">
          <reporter-output>
          </reporter-output>
        </test-method> <!-- createTempDir -->
        <test-method status="PASS" signature="deleteTempDir()[pri:0, instance:de.letsbuildacompiler.test.CompilerTest@483bf400]" name="deleteTempDir" is-config="true" duration-ms="0" started-at="2015-06-18T00:29:02Z" finished-at="2015-06-18T00:29:02Z">
          <reporter-output>
          </reporter-output>
        </test-method> <!-- deleteTempDir -->
        <test-method status="PASS" signature="createTempDir()[pri:0, instance:de.letsbuildacompiler.test.CompilerTest@483bf400]" name="createTempDir" is-config="true" duration-ms="1" started-at="2015-06-18T00:29:02Z" finished-at="2015-06-18T00:29:02Z">
          <reporter-output>
          </reporter-output>
        </test-method> <!-- createTempDir -->
        <test-method status="PASS" signature="runningCode_outputsExpectedText(java.lang.String, java.lang.String)[pri:0, instance:de.letsbuildacompiler.test.CompilerTest@483bf400]" name="runningCode_outputsExpectedText" duration-ms="186" started-at="2015-06-18T00:29:02Z" data-provider="provide_code_exceptedText" finished-at="2015-06-18T00:29:03Z">
          <params>
            <param index="0">
              <value>
                <![CDATA[println(1+2);]]>
              </value>
            </param>
            <param index="1">
              <value>
                <![CDATA[3
]]>
              </value>
            </param>
          </params>
          <reporter-output>
          </reporter-output>
        </test-method> <!-- runningCode_outputsExpectedText -->
        <test-method status="PASS" signature="deleteTempDir()[pri:0, instance:de.letsbuildacompiler.test.CompilerTest@483bf400]" name="deleteTempDir" is-config="true" duration-ms="1" started-at="2015-06-18T00:29:03Z" finished-at="2015-06-18T00:29:03Z">
          <reporter-output>
          </reporter-output>
        </test-method> <!-- deleteTempDir -->
        <test-method status="PASS" signature="createTempDir()[pri:0, instance:de.letsbuildacompiler.test.CompilerTest@483bf400]" name="createTempDir" is-config="true" duration-ms="1" started-at="2015-06-18T00:29:03Z" finished-at="2015-06-18T00:29:03Z">
          <reporter-output>
          </reporter-output>
        </test-method> <!-- createTempDir -->
        <test-method status="PASS" signature="runningCode_outputsExpectedText(java.lang.String, java.lang.String)[pri:0, instance:de.letsbuildacompiler.test.CompilerTest@483bf400]" name="runningCode_outputsExpectedText" duration-ms="91" started-at="2015-06-18T00:29:03Z" data-provider="provide_code_exceptedText" finished-at="2015-06-18T00:29:03Z">
          <params>
            <param index="0">
              <value>
                <![CDATA[println(1);]]>
              </value>
            </param>
            <param index="1">
              <value>
                <![CDATA[1
]]>
              </value>
            </param>
          </params>
          <reporter-output>
          </reporter-output>
        </test-method> <!-- runningCode_outputsExpectedText -->
        <test-method status="PASS" signature="deleteTempDir()[pri:0, instance:de.letsbuildacompiler.test.CompilerTest@483bf400]" name="deleteTempDir" is-config="true" duration-ms="0" started-at="2015-06-18T00:29:03Z" finished-at="2015-06-18T00:29:03Z">
          <reporter-output>
          </reporter-output>
        </test-method> <!-- deleteTempDir -->
        <test-method status="PASS" signature="createTempDir()[pri:0, instance:de.letsbuildacompiler.test.CompilerTest@483bf400]" name="createTempDir" is-config="true" duration-ms="1" started-at="2015-06-18T00:29:03Z" finished-at="2015-06-18T00:29:03Z">
          <reporter-output>
          </reporter-output>
        </test-method> <!-- createTempDir -->
        <test-method status="PASS" signature="runningCode_outputsExpectedText(java.lang.String, java.lang.String)[pri:0, instance:de.letsbuildacompiler.test.CompilerTest@483bf400]" name="runningCode_outputsExpectedText" duration-ms="86" started-at="2015-06-18T00:29:03Z" data-provider="provide_code_exceptedText" finished-at="2015-06-18T00:29:03Z">
          <params>
            <param index="0">
              <value>
                <![CDATA[println(1+2+42);]]>
              </value>
            </param>
            <param index="1">
              <value>
                <![CDATA[45
]]>
              </value>
            </param>
          </params>
          <reporter-output>
          </reporter-output>
        </test-method> <!-- runningCode_outputsExpectedText -->
        <test-method status="PASS" signature="createTempDir()[pri:0, instance:de.letsbuildacompiler.test.CompilerTest@483bf400]" name="createTempDir" is-config="true" duration-ms="1" started-at="2015-06-18T00:29:03Z" finished-at="2015-06-18T00:29:03Z">
          <reporter-output>
          </reporter-output>
        </test-method> <!-- createTempDir -->
        <test-method status="PASS" signature="deleteTempDir()[pri:0, instance:de.letsbuildacompiler.test.CompilerTest@483bf400]" name="deleteTempDir" is-config="true" duration-ms="0" started-at="2015-06-18T00:29:03Z" finished-at="2015-06-18T00:29:03Z">
          <reporter-output>
          </reporter-output>
        </test-method> <!-- deleteTempDir -->
        <test-method status="PASS" signature="runningCode_outputsExpectedText(java.lang.String, java.lang.String)[pri:0, instance:de.letsbuildacompiler.test.CompilerTest@483bf400]" name="runningCode_outputsExpectedText" duration-ms="98" started-at="2015-06-18T00:29:03Z" data-provider="provide_code_exceptedText" finished-at="2015-06-18T00:29:03Z">
          <params>
            <param index="0">
              <value>
                <![CDATA[println(1); println(2);]]>
              </value>
            </param>
            <param index="1">
              <value>
                <![CDATA[1
2
]]>
              </value>
            </param>
          </params>
          <reporter-output>
          </reporter-output>
        </test-method> <!-- runningCode_outputsExpectedText -->
        <test-method status="PASS" signature="createTempDir()[pri:0, instance:de.letsbuildacompiler.test.CompilerTest@483bf400]" name="createTempDir" is-config="true" duration-ms="1" started-at="2015-06-18T00:29:03Z" finished-at="2015-06-18T00:29:03Z">
          <reporter-output>
          </reporter-output>
        </test-method> <!-- createTempDir -->
        <test-method status="PASS" signature="deleteTempDir()[pri:0, instance:de.letsbuildacompiler.test.CompilerTest@483bf400]" name="deleteTempDir" is-config="true" duration-ms="0" started-at="2015-06-18T00:29:03Z" finished-at="2015-06-18T00:29:03Z">
          <reporter-output>
          </reporter-output>
        </test-method> <!-- deleteTempDir -->
        <test-method status="PASS" signature="runningCode_outputsExpectedText(java.lang.String, java.lang.String)[pri:0, instance:de.letsbuildacompiler.test.CompilerTest@483bf400]" name="runningCode_outputsExpectedText" duration-ms="103" started-at="2015-06-18T00:29:03Z" data-provider="provide_code_exceptedText" finished-at="2015-06-18T00:29:03Z">
          <params>
            <param index="0">
              <value>
                <![CDATA[println(3-2);]]>
              </value>
            </param>
            <param index="1">
              <value>
                <![CDATA[1
]]>
              </value>
            </param>
          </params>
          <reporter-output>
          </reporter-output>
        </test-method> <!-- runningCode_outputsExpectedText -->
        <test-method status="PASS" signature="deleteTempDir()[pri:0, instance:de.letsbuildacompiler.test.CompilerTest@483bf400]" name="deleteTempDir" is-config="true" duration-ms="0" started-at="2015-06-18T00:29:03Z" finished-at="2015-06-18T00:29:03Z">
          <reporter-output>
          </reporter-output>
        </test-method> <!-- deleteTempDir -->
        <test-method status="PASS" signature="createTempDir()[pri:0, instance:de.letsbuildacompiler.test.CompilerTest@483bf400]" name="createTempDir" is-config="true" duration-ms="1" started-at="2015-06-18T00:29:03Z" finished-at="2015-06-18T00:29:03Z">
          <reporter-output>
          </reporter-output>
        </test-method> <!-- createTempDir -->
        <test-method status="PASS" signature="runningCode_outputsExpectedText(java.lang.String, java.lang.String)[pri:0, instance:de.letsbuildacompiler.test.CompilerTest@483bf400]" name="runningCode_outputsExpectedText" duration-ms="97" started-at="2015-06-18T00:29:03Z" data-provider="provide_code_exceptedText" finished-at="2015-06-18T00:29:03Z">
          <params>
            <param index="0">
              <value>
                <![CDATA[println(2*3);]]>
              </value>
            </param>
            <param index="1">
              <value>
                <![CDATA[6
]]>
              </value>
            </param>
          </params>
          <reporter-output>
          </reporter-output>
        </test-method> <!-- runningCode_outputsExpectedText -->
        <test-method status="PASS" signature="deleteTempDir()[pri:0, instance:de.letsbuildacompiler.test.CompilerTest@483bf400]" name="deleteTempDir" is-config="true" duration-ms="1" started-at="2015-06-18T00:29:03Z" finished-at="2015-06-18T00:29:03Z">
          <reporter-output>
          </reporter-output>
        </test-method> <!-- deleteTempDir -->
        <test-method status="PASS" signature="createTempDir()[pri:0, instance:de.letsbuildacompiler.test.CompilerTest@483bf400]" name="createTempDir" is-config="true" duration-ms="0" started-at="2015-06-18T00:29:03Z" finished-at="2015-06-18T00:29:03Z">
          <reporter-output>
          </reporter-output>
        </test-method> <!-- createTempDir -->
        <test-method status="PASS" signature="runningCode_outputsExpectedText(java.lang.String, java.lang.String)[pri:0, instance:de.letsbuildacompiler.test.CompilerTest@483bf400]" name="runningCode_outputsExpectedText" duration-ms="87" started-at="2015-06-18T00:29:03Z" data-provider="provide_code_exceptedText" finished-at="2015-06-18T00:29:03Z">
          <params>
            <param index="0">
              <value>
                <![CDATA[println(6/2);]]>
              </value>
            </param>
            <param index="1">
              <value>
                <![CDATA[3
]]>
              </value>
            </param>
          </params>
          <reporter-output>
          </reporter-output>
        </test-method> <!-- runningCode_outputsExpectedText -->
        <test-method status="PASS" signature="deleteTempDir()[pri:0, instance:de.letsbuildacompiler.test.CompilerTest@483bf400]" name="deleteTempDir" is-config="true" duration-ms="1" started-at="2015-06-18T00:29:03Z" finished-at="2015-06-18T00:29:03Z">
          <reporter-output>
          </reporter-output>
        </test-method> <!-- deleteTempDir -->
        <test-method status="PASS" signature="createTempDir()[pri:0, instance:de.letsbuildacompiler.test.CompilerTest@483bf400]" name="createTempDir" is-config="true" duration-ms="1" started-at="2015-06-18T00:29:03Z" finished-at="2015-06-18T00:29:03Z">
          <reporter-output>
          </reporter-output>
        </test-method> <!-- createTempDir -->
        <test-method status="PASS" signature="runningCode_outputsExpectedText(java.lang.String, java.lang.String)[pri:0, instance:de.letsbuildacompiler.test.CompilerTest@483bf400]" name="runningCode_outputsExpectedText" duration-ms="92" started-at="2015-06-18T00:29:03Z" data-provider="provide_code_exceptedText" finished-at="2015-06-18T00:29:03Z">
          <params>
            <param index="0">
              <value>
                <![CDATA[println(7/2);]]>
              </value>
            </param>
            <param index="1">
              <value>
                <![CDATA[3
]]>
              </value>
            </param>
          </params>
          <reporter-output>
          </reporter-output>
        </test-method> <!-- runningCode_outputsExpectedText -->
        <test-method status="PASS" signature="deleteTempDir()[pri:0, instance:de.letsbuildacompiler.test.CompilerTest@483bf400]" name="deleteTempDir" is-config="true" duration-ms="13" started-at="2015-06-18T00:29:03Z" finished-at="2015-06-18T00:29:03Z">
          <reporter-output>
          </reporter-output>
        </test-method> <!-- deleteTempDir -->
        <test-method status="PASS" signature="createTempDir()[pri:0, instance:de.letsbuildacompiler.test.CompilerTest@483bf400]" name="createTempDir" is-config="true" duration-ms="1" started-at="2015-06-18T00:29:03Z" finished-at="2015-06-18T00:29:03Z">
          <reporter-output>
          </reporter-output>
        </test-method> <!-- createTempDir -->
        <test-method status="PASS" signature="runningCode_outputsExpectedText(java.lang.String, java.lang.String)[pri:0, instance:de.letsbuildacompiler.test.CompilerTest@483bf400]" name="runningCode_outputsExpectedText" duration-ms="86" started-at="2015-06-18T00:29:03Z" data-provider="provide_code_exceptedText" finished-at="2015-06-18T00:29:03Z">
          <params>
            <param index="0">
              <value>
                <![CDATA[println(8/2*4);]]>
              </value>
            </param>
            <param index="1">
              <value>
                <![CDATA[16
]]>
              </value>
            </param>
          </params>
          <reporter-output>
          </reporter-output>
        </test-method> <!-- runningCode_outputsExpectedText -->
        <test-method status="PASS" signature="deleteTempDir()[pri:0, instance:de.letsbuildacompiler.test.CompilerTest@483bf400]" name="deleteTempDir" is-config="true" duration-ms="0" started-at="2015-06-18T00:29:03Z" finished-at="2015-06-18T00:29:03Z">
          <reporter-output>
          </reporter-output>
        </test-method> <!-- deleteTempDir -->
        <test-method status="PASS" signature="createTempDir()[pri:0, instance:de.letsbuildacompiler.test.CompilerTest@483bf400]" name="createTempDir" is-config="true" duration-ms="1" started-at="2015-06-18T00:29:03Z" finished-at="2015-06-18T00:29:03Z">
          <reporter-output>
          </reporter-output>
        </test-method> <!-- createTempDir -->
        <test-method status="PASS" signature="runningCode_outputsExpectedText(java.lang.String, java.lang.String)[pri:0, instance:de.letsbuildacompiler.test.CompilerTest@483bf400]" name="runningCode_outputsExpectedText" duration-ms="94" started-at="2015-06-18T00:29:03Z" data-provider="provide_code_exceptedText" finished-at="2015-06-18T00:29:03Z">
          <params>
            <param index="0">
              <value>
                <![CDATA[println(2+3*3);]]>
              </value>
            </param>
            <param index="1">
              <value>
                <![CDATA[11
]]>
              </value>
            </param>
          </params>
          <reporter-output>
          </reporter-output>
        </test-method> <!-- runningCode_outputsExpectedText -->
        <test-method status="PASS" signature="deleteTempDir()[pri:0, instance:de.letsbuildacompiler.test.CompilerTest@483bf400]" name="deleteTempDir" is-config="true" duration-ms="1" started-at="2015-06-18T00:29:03Z" finished-at="2015-06-18T00:29:03Z">
          <reporter-output>
          </reporter-output>
        </test-method> <!-- deleteTempDir -->
        <test-method status="PASS" signature="runningCode_outputsExpectedText(java.lang.String, java.lang.String)[pri:0, instance:de.letsbuildacompiler.test.CompilerTest@483bf400]" name="runningCode_outputsExpectedText" duration-ms="95" started-at="2015-06-18T00:29:03Z" data-provider="provide_code_exceptedText" finished-at="2015-06-18T00:29:04Z">
          <params>
            <param index="0">
              <value>
                <![CDATA[println(9-2*3);]]>
              </value>
            </param>
            <param index="1">
              <value>
                <![CDATA[3
]]>
              </value>
            </param>
          </params>
          <reporter-output>
          </reporter-output>
        </test-method> <!-- runningCode_outputsExpectedText -->
        <test-method status="PASS" signature="createTempDir()[pri:0, instance:de.letsbuildacompiler.test.CompilerTest@483bf400]" name="createTempDir" is-config="true" duration-ms="0" started-at="2015-06-18T00:29:03Z" finished-at="2015-06-18T00:29:03Z">
          <reporter-output>
          </reporter-output>
        </test-method> <!-- createTempDir -->
        <test-method status="PASS" signature="deleteTempDir()[pri:0, instance:de.letsbuildacompiler.test.CompilerTest@483bf400]" name="deleteTempDir" is-config="true" duration-ms="0" started-at="2015-06-18T00:29:04Z" finished-at="2015-06-18T00:29:04Z">
          <reporter-output>
          </reporter-output>
        </test-method> <!-- deleteTempDir -->
        <test-method status="PASS" signature="createTempDir()[pri:0, instance:de.letsbuildacompiler.test.CompilerTest@483bf400]" name="createTempDir" is-config="true" duration-ms="1" started-at="2015-06-18T00:29:04Z" finished-at="2015-06-18T00:29:04Z">
          <reporter-output>
          </reporter-output>
        </test-method> <!-- createTempDir -->
        <test-method status="PASS" signature="runningCode_outputsExpectedText(java.lang.String, java.lang.String)[pri:0, instance:de.letsbuildacompiler.test.CompilerTest@483bf400]" name="runningCode_outputsExpectedText" duration-ms="95" started-at="2015-06-18T00:29:04Z" data-provider="provide_code_exceptedText" finished-at="2015-06-18T00:29:04Z">
          <params>
            <param index="0">
              <value>
                <![CDATA[println(8-2+5);]]>
              </value>
            </param>
            <param index="1">
              <value>
                <![CDATA[11
]]>
              </value>
            </param>
          </params>
          <reporter-output>
          </reporter-output>
        </test-method> <!-- runningCode_outputsExpectedText -->
        <test-method status="PASS" signature="deleteTempDir()[pri:0, instance:de.letsbuildacompiler.test.CompilerTest@483bf400]" name="deleteTempDir" is-config="true" duration-ms="1" started-at="2015-06-18T00:29:04Z" finished-at="2015-06-18T00:29:04Z">
          <reporter-output>
          </reporter-output>
        </test-method> <!-- deleteTempDir -->
        <test-method status="PASS" signature="createTempDir()[pri:0, instance:de.letsbuildacompiler.test.CompilerTest@483bf400]" name="createTempDir" is-config="true" duration-ms="2" started-at="2015-06-18T00:29:04Z" finished-at="2015-06-18T00:29:04Z">
          <reporter-output>
          </reporter-output>
        </test-method> <!-- createTempDir -->
        <test-method status="PASS" signature="runningCode_outputsExpectedText(java.lang.String, java.lang.String)[pri:0, instance:de.letsbuildacompiler.test.CompilerTest@483bf400]" name="runningCode_outputsExpectedText" duration-ms="87" started-at="2015-06-18T00:29:04Z" data-provider="provide_code_exceptedText" finished-at="2015-06-18T00:29:04Z">
          <params>
            <param index="0">
              <value>
                <![CDATA[println(3/3*3);]]>
              </value>
            </param>
            <param index="1">
              <value>
                <![CDATA[3
]]>
              </value>
            </param>
          </params>
          <reporter-output>
          </reporter-output>
        </test-method> <!-- runningCode_outputsExpectedText -->
        <test-method status="PASS" signature="deleteTempDir()[pri:0, instance:de.letsbuildacompiler.test.CompilerTest@483bf400]" name="deleteTempDir" is-config="true" duration-ms="1" started-at="2015-06-18T00:29:04Z" finished-at="2015-06-18T00:29:04Z">
          <reporter-output>
          </reporter-output>
        </test-method> <!-- deleteTempDir -->
        <test-method status="PASS" signature="runningCode_outputsExpectedText(java.lang.String, java.lang.String)[pri:0, instance:de.letsbuildacompiler.test.CompilerTest@483bf400]" name="runningCode_outputsExpectedText" duration-ms="90" started-at="2015-06-18T00:29:04Z" data-provider="provide_code_exceptedText" finished-at="2015-06-18T00:29:04Z">
          <params>
            <param index="0">
              <value>
                <![CDATA[println(3*3/3);]]>
              </value>
            </param>
            <param index="1">
              <value>
                <![CDATA[3
]]>
              </value>
            </param>
          </params>
          <reporter-output>
          </reporter-output>
        </test-method> <!-- runningCode_outputsExpectedText -->
        <test-method status="PASS" signature="createTempDir()[pri:0, instance:de.letsbuildacompiler.test.CompilerTest@483bf400]" name="createTempDir" is-config="true" duration-ms="0" started-at="2015-06-18T00:29:04Z" finished-at="2015-06-18T00:29:04Z">
          <reporter-output>
          </reporter-output>
        </test-method> <!-- createTempDir -->
        <test-method status="PASS" signature="deleteTempDir()[pri:0, instance:de.letsbuildacompiler.test.CompilerTest@483bf400]" name="deleteTempDir" is-config="true" duration-ms="1" started-at="2015-06-18T00:29:04Z" finished-at="2015-06-18T00:29:04Z">
          <reporter-output>
          </reporter-output>
        </test-method> <!-- deleteTempDir -->
        <test-method status="PASS" signature="createTempDir()[pri:0, instance:de.letsbuildacompiler.test.CompilerTest@483bf400]" name="createTempDir" is-config="true" duration-ms="1" started-at="2015-06-18T00:29:04Z" finished-at="2015-06-18T00:29:04Z">
          <reporter-output>
          </reporter-output>
        </test-method> <!-- createTempDir -->
        <test-method status="PASS" signature="runningCode_outputsExpectedText(java.lang.String, java.lang.String)[pri:0, instance:de.letsbuildacompiler.test.CompilerTest@483bf400]" name="runningCode_outputsExpectedText" duration-ms="85" started-at="2015-06-18T00:29:04Z" data-provider="provide_code_exceptedText" finished-at="2015-06-18T00:29:04Z">
          <params>
            <param index="0">
              <value>
                <![CDATA[println(2*3-2);]]>
              </value>
            </param>
            <param index="1">
              <value>
                <![CDATA[4
]]>
              </value>
            </param>
          </params>
          <reporter-output>
          </reporter-output>
        </test-method> <!-- runningCode_outputsExpectedText -->
        <test-method status="PASS" signature="createTempDir()[pri:0, instance:de.letsbuildacompiler.test.CompilerTest@483bf400]" name="createTempDir" is-config="true" duration-ms="1" started-at="2015-06-18T00:29:04Z" finished-at="2015-06-18T00:29:04Z">
          <reporter-output>
          </reporter-output>
        </test-method> <!-- createTempDir -->
        <test-method status="PASS" signature="deleteTempDir()[pri:0, instance:de.letsbuildacompiler.test.CompilerTest@483bf400]" name="deleteTempDir" is-config="true" duration-ms="0" started-at="2015-06-18T00:29:04Z" finished-at="2015-06-18T00:29:04Z">
          <reporter-output>
          </reporter-output>
        </test-method> <!-- deleteTempDir -->
        <test-method status="PASS" signature="runningCode_outputsExpectedText(java.lang.String, java.lang.String)[pri:0, instance:de.letsbuildacompiler.test.CompilerTest@483bf400]" name="runningCode_outputsExpectedText" duration-ms="78" started-at="2015-06-18T00:29:04Z" data-provider="provide_code_exceptedText" finished-at="2015-06-18T00:29:04Z">
          <params>
            <param index="0">
              <value>
                <![CDATA[println(2+5-6);]]>
              </value>
            </param>
            <param index="1">
              <value>
                <![CDATA[1
]]>
              </value>
            </param>
          </params>
          <reporter-output>
          </reporter-output>
        </test-method> <!-- runningCode_outputsExpectedText -->
        <test-method status="PASS" signature="deleteTempDir()[pri:0, instance:de.letsbuildacompiler.test.CompilerTest@483bf400]" name="deleteTempDir" is-config="true" duration-ms="0" started-at="2015-06-18T00:29:04Z" finished-at="2015-06-18T00:29:04Z">
          <reporter-output>
          </reporter-output>
        </test-method> <!-- deleteTempDir -->
        <test-method status="PASS" signature="createTempDir()[pri:0, instance:de.letsbuildacompiler.test.CompilerTest@483bf400]" name="createTempDir" is-config="true" duration-ms="1" started-at="2015-06-18T00:29:04Z" finished-at="2015-06-18T00:29:04Z">
          <reporter-output>
          </reporter-output>
        </test-method> <!-- createTempDir -->
        <test-method status="PASS" signature="runningCode_outputsExpectedText(java.lang.String, java.lang.String)[pri:0, instance:de.letsbuildacompiler.test.CompilerTest@483bf400]" name="runningCode_outputsExpectedText" duration-ms="94" started-at="2015-06-18T00:29:04Z" data-provider="provide_code_exceptedText" finished-at="2015-06-18T00:29:04Z">
          <params>
            <param index="0">
              <value>
                <![CDATA[println(8/2*2);]]>
              </value>
            </param>
            <param index="1">
              <value>
                <![CDATA[8
]]>
              </value>
            </param>
          </params>
          <reporter-output>
          </reporter-output>
        </test-method> <!-- runningCode_outputsExpectedText -->
        <test-method status="PASS" signature="deleteTempDir()[pri:0, instance:de.letsbuildacompiler.test.CompilerTest@483bf400]" name="deleteTempDir" is-config="true" duration-ms="1" started-at="2015-06-18T00:29:04Z" finished-at="2015-06-18T00:29:04Z">
          <reporter-output>
          </reporter-output>
        </test-method> <!-- deleteTempDir -->
        <test-method status="PASS" signature="createTempDir()[pri:0, instance:de.letsbuildacompiler.test.CompilerTest@483bf400]" name="createTempDir" is-config="true" duration-ms="0" started-at="2015-06-18T00:29:04Z" finished-at="2015-06-18T00:29:04Z">
          <reporter-output>
          </reporter-output>
        </test-method> <!-- createTempDir -->
        <test-method status="PASS" signature="runningCode_outputsExpectedText(java.lang.String, java.lang.String)[pri:0, instance:de.letsbuildacompiler.test.CompilerTest@483bf400]" name="runningCode_outputsExpectedText" duration-ms="102" started-at="2015-06-18T00:29:04Z" data-provider="provide_code_exceptedText" finished-at="2015-06-18T00:29:04Z">
          <params>
            <param index="0">
              <value>
                <![CDATA[println(8/(2*2));]]>
              </value>
            </param>
            <param index="1">
              <value>
                <![CDATA[2
]]>
              </value>
            </param>
          </params>
          <reporter-output>
          </reporter-output>
        </test-method> <!-- runningCode_outputsExpectedText -->
        <test-method status="PASS" signature="deleteTempDir()[pri:0, instance:de.letsbuildacompiler.test.CompilerTest@483bf400]" name="deleteTempDir" is-config="true" duration-ms="0" started-at="2015-06-18T00:29:04Z" finished-at="2015-06-18T00:29:04Z">
          <reporter-output>
          </reporter-output>
        </test-method> <!-- deleteTempDir -->
        <test-method status="PASS" signature="createTempDir()[pri:0, instance:de.letsbuildacompiler.test.CompilerTest@483bf400]" name="createTempDir" is-config="true" duration-ms="1" started-at="2015-06-18T00:29:04Z" finished-at="2015-06-18T00:29:04Z">
          <reporter-output>
          </reporter-output>
        </test-method> <!-- createTempDir -->
        <test-method status="PASS" signature="runningCode_outputsExpectedText(java.lang.String, java.lang.String)[pri:0, instance:de.letsbuildacompiler.test.CompilerTest@483bf400]" name="runningCode_outputsExpectedText" duration-ms="91" started-at="2015-06-18T00:29:04Z" data-provider="provide_code_exceptedText" finished-at="2015-06-18T00:29:04Z">
          <params>
            <param index="0">
              <value>
                <![CDATA[println(4+4*2);]]>
              </value>
            </param>
            <param index="1">
              <value>
                <![CDATA[12
]]>
              </value>
            </param>
          </params>
          <reporter-output>
          </reporter-output>
        </test-method> <!-- runningCode_outputsExpectedText -->
        <test-method status="PASS" signature="deleteTempDir()[pri:0, instance:de.letsbuildacompiler.test.CompilerTest@483bf400]" name="deleteTempDir" is-config="true" duration-ms="1" started-at="2015-06-18T00:29:04Z" finished-at="2015-06-18T00:29:04Z">
          <reporter-output>
          </reporter-output>
        </test-method> <!-- deleteTempDir -->
        <test-method status="PASS" signature="createTempDir()[pri:0, instance:de.letsbuildacompiler.test.CompilerTest@483bf400]" name="createTempDir" is-config="true" duration-ms="1" started-at="2015-06-18T00:29:04Z" finished-at="2015-06-18T00:29:04Z">
          <reporter-output>
          </reporter-output>
        </test-method> <!-- createTempDir -->
        <test-method status="PASS" signature="runningCode_outputsExpectedText(java.lang.String, java.lang.String)[pri:0, instance:de.letsbuildacompiler.test.CompilerTest@483bf400]" name="runningCode_outputsExpectedText" duration-ms="91" started-at="2015-06-18T00:29:04Z" data-provider="provide_code_exceptedText" finished-at="2015-06-18T00:29:04Z">
          <params>
            <param index="0">
              <value>
                <![CDATA[println((4+4)*2);]]>
              </value>
            </param>
            <param index="1">
              <value>
                <![CDATA[16
]]>
              </value>
            </param>
          </params>
          <reporter-output>
          </reporter-output>
        </test-method> <!-- runningCode_outputsExpectedText -->
        <test-method status="PASS" signature="deleteTempDir()[pri:0, instance:de.letsbuildacompiler.test.CompilerTest@483bf400]" name="deleteTempDir" is-config="true" duration-ms="0" started-at="2015-06-18T00:29:04Z" finished-at="2015-06-18T00:29:04Z">
          <reporter-output>
          </reporter-output>
        </test-method> <!-- deleteTempDir -->
        <test-method status="PASS" signature="runningCode_outputsExpectedText(java.lang.String, java.lang.String)[pri:0, instance:de.letsbuildacompiler.test.CompilerTest@483bf400]" name="runningCode_outputsExpectedText" duration-ms="114" started-at="2015-06-18T00:29:04Z" data-provider="provide_code_exceptedText" finished-at="2015-06-18T00:29:04Z">
          <params>
            <param index="0">
              <value>
                <![CDATA[println(7%3);]]>
              </value>
            </param>
            <param index="1">
              <value>
                <![CDATA[1
]]>
              </value>
            </param>
          </params>
          <reporter-output>
          </reporter-output>
        </test-method> <!-- runningCode_outputsExpectedText -->
        <test-method status="PASS" signature="createTempDir()[pri:0, instance:de.letsbuildacompiler.test.CompilerTest@483bf400]" name="createTempDir" is-config="true" duration-ms="0" started-at="2015-06-18T00:29:04Z" finished-at="2015-06-18T00:29:04Z">
          <reporter-output>
          </reporter-output>
        </test-method> <!-- createTempDir -->
        <test-method status="PASS" signature="deleteTempDir()[pri:0, instance:de.letsbuildacompiler.test.CompilerTest@483bf400]" name="deleteTempDir" is-config="true" duration-ms="1" started-at="2015-06-18T00:29:04Z" finished-at="2015-06-18T00:29:04Z">
          <reporter-output>
          </reporter-output>
        </test-method> <!-- deleteTempDir -->
        <test-method status="PASS" signature="createTempDir()[pri:0, instance:de.letsbuildacompiler.test.CompilerTest@483bf400]" name="createTempDir" is-config="true" duration-ms="1" started-at="2015-06-18T00:29:04Z" finished-at="2015-06-18T00:29:04Z">
          <reporter-output>
          </reporter-output>
        </test-method> <!-- createTempDir -->
        <test-method status="PASS" signature="runningCode_outputsExpectedText(java.lang.String, java.lang.String)[pri:0, instance:de.letsbuildacompiler.test.CompilerTest@483bf400]" name="runningCode_outputsExpectedText" duration-ms="95" started-at="2015-06-18T00:29:04Z" data-provider="provide_code_exceptedText" finished-at="2015-06-18T00:29:05Z">
          <params>
            <param index="0">
              <value>
                <![CDATA[println(10%3);]]>
              </value>
            </param>
            <param index="1">
              <value>
                <![CDATA[1
]]>
              </value>
            </param>
          </params>
          <reporter-output>
          </reporter-output>
        </test-method> <!-- runningCode_outputsExpectedText -->
        <test-method status="PASS" signature="deleteTempDir()[pri:0, instance:de.letsbuildacompiler.test.CompilerTest@483bf400]" name="deleteTempDir" is-config="true" duration-ms="1" started-at="2015-06-18T00:29:05Z" finished-at="2015-06-18T00:29:05Z">
          <reporter-output>
          </reporter-output>
        </test-method> <!-- deleteTempDir -->
        <test-method status="PASS" signature="runningCode_outputsExpectedText(java.lang.String, java.lang.String)[pri:0, instance:de.letsbuildacompiler.test.CompilerTest@483bf400]" name="runningCode_outputsExpectedText" duration-ms="105" started-at="2015-06-18T00:29:05Z" data-provider="provide_code_exceptedText" finished-at="2015-06-18T00:29:05Z">
          <params>
            <param index="0">
              <value>
                <![CDATA[println(5%3);]]>
              </value>
            </param>
            <param index="1">
              <value>
                <![CDATA[2
]]>
              </value>
            </param>
          </params>
          <reporter-output>
          </reporter-output>
        </test-method> <!-- runningCode_outputsExpectedText -->
        <test-method status="PASS" signature="createTempDir()[pri:0, instance:de.letsbuildacompiler.test.CompilerTest@483bf400]" name="createTempDir" is-config="true" duration-ms="0" started-at="2015-06-18T00:29:05Z" finished-at="2015-06-18T00:29:05Z">
          <reporter-output>
          </reporter-output>
        </test-method> <!-- createTempDir -->
        <test-method status="PASS" signature="deleteTempDir()[pri:0, instance:de.letsbuildacompiler.test.CompilerTest@483bf400]" name="deleteTempDir" is-config="true" duration-ms="0" started-at="2015-06-18T00:29:05Z" finished-at="2015-06-18T00:29:05Z">
          <reporter-output>
          </reporter-output>
        </test-method> <!-- deleteTempDir -->
        <test-method status="PASS" signature="runningCode_outputsExpectedText(java.lang.String, java.lang.String)[pri:0, instance:de.letsbuildacompiler.test.CompilerTest@483bf400]" name="runningCode_outputsExpectedText" duration-ms="98" started-at="2015-06-18T00:29:05Z" data-provider="provide_code_exceptedText" finished-at="2015-06-18T00:29:05Z">
          <params>
            <param index="0">
              <value>
                <![CDATA[int foo; foo=42; println(foo);]]>
              </value>
            </param>
            <param index="1">
              <value>
                <![CDATA[42
]]>
              </value>
            </param>
          </params>
          <reporter-output>
          </reporter-output>
        </test-method> <!-- runningCode_outputsExpectedText -->
        <test-method status="PASS" signature="createTempDir()[pri:0, instance:de.letsbuildacompiler.test.CompilerTest@483bf400]" name="createTempDir" is-config="true" duration-ms="0" started-at="2015-06-18T00:29:05Z" finished-at="2015-06-18T00:29:05Z">
          <reporter-output>
          </reporter-output>
        </test-method> <!-- createTempDir -->
        <test-method status="PASS" signature="createTempDir()[pri:0, instance:de.letsbuildacompiler.test.CompilerTest@483bf400]" name="createTempDir" is-config="true" duration-ms="1" started-at="2015-06-18T00:29:05Z" finished-at="2015-06-18T00:29:05Z">
          <reporter-output>
          </reporter-output>
        </test-method> <!-- createTempDir -->
        <test-method status="PASS" signature="deleteTempDir()[pri:0, instance:de.letsbuildacompiler.test.CompilerTest@483bf400]" name="deleteTempDir" is-config="true" duration-ms="0" started-at="2015-06-18T00:29:05Z" finished-at="2015-06-18T00:29:05Z">
          <reporter-output>
          </reporter-output>
        </test-method> <!-- deleteTempDir -->
        <test-method status="PASS" signature="runningCode_outputsExpectedText(java.lang.String, java.lang.String)[pri:0, instance:de.letsbuildacompiler.test.CompilerTest@483bf400]" name="runningCode_outputsExpectedText" duration-ms="86" started-at="2015-06-18T00:29:05Z" data-provider="provide_code_exceptedText" finished-at="2015-06-18T00:29:05Z">
          <params>
            <param index="0">
              <value>
                <![CDATA[int foo; foo = 42; println(foo+2);]]>
              </value>
            </param>
            <param index="1">
              <value>
                <![CDATA[44
]]>
              </value>
            </param>
          </params>
          <reporter-output>
          </reporter-output>
        </test-method> <!-- runningCode_outputsExpectedText -->
        <test-method status="PASS" signature="deleteTempDir()[pri:0, instance:de.letsbuildacompiler.test.CompilerTest@483bf400]" name="deleteTempDir" is-config="true" duration-ms="0" started-at="2015-06-18T00:29:05Z" finished-at="2015-06-18T00:29:05Z">
          <reporter-output>
          </reporter-output>
        </test-method> <!-- deleteTempDir -->
        <test-method status="PASS" signature="createTempDir()[pri:0, instance:de.letsbuildacompiler.test.CompilerTest@483bf400]" name="createTempDir" is-config="true" duration-ms="1" started-at="2015-06-18T00:29:05Z" finished-at="2015-06-18T00:29:05Z">
          <reporter-output>
          </reporter-output>
        </test-method> <!-- createTempDir -->
        <test-method status="PASS" signature="runningCode_outputsExpectedText(java.lang.String, java.lang.String)[pri:0, instance:de.letsbuildacompiler.test.CompilerTest@483bf400]" name="runningCode_outputsExpectedText" duration-ms="96" started-at="2015-06-18T00:29:05Z" data-provider="provide_code_exceptedText" finished-at="2015-06-18T00:29:05Z">
          <params>
            <param index="0">
              <value>
                <![CDATA[int a; int b; a = 2; b = 5; println(a+b);]]>
              </value>
            </param>
            <param index="1">
              <value>
                <![CDATA[7
]]>
              </value>
            </param>
          </params>
          <reporter-output>
          </reporter-output>
        </test-method> <!-- runningCode_outputsExpectedText -->
        <test-method status="PASS" signature="deleteTempDir()[pri:0, instance:de.letsbuildacompiler.test.CompilerTest@483bf400]" name="deleteTempDir" is-config="true" duration-ms="1" started-at="2015-06-18T00:29:05Z" finished-at="2015-06-18T00:29:05Z">
          <reporter-output>
          </reporter-output>
        </test-method> <!-- deleteTempDir -->
        <test-method status="PASS" signature="createTempDir()[pri:0, instance:de.letsbuildacompiler.test.CompilerTest@483bf400]" name="createTempDir" is-config="true" duration-ms="1" started-at="2015-06-18T00:29:05Z" finished-at="2015-06-18T00:29:05Z">
          <reporter-output>
          </reporter-output>
        </test-method> <!-- createTempDir -->
        <test-method status="PASS" signature="runningCode_outputsExpectedText(java.lang.String, java.lang.String)[pri:0, instance:de.letsbuildacompiler.test.CompilerTest@483bf400]" name="runningCode_outputsExpectedText" duration-ms="99" started-at="2015-06-18T00:29:05Z" data-provider="provide_code_exceptedText" finished-at="2015-06-18T00:29:05Z">
          <params>
            <param index="0">
              <value>
                <![CDATA[int foo=42; println(foo);]]>
              </value>
            </param>
            <param index="1">
              <value>
                <![CDATA[42
]]>
              </value>
            </param>
          </params>
          <reporter-output>
          </reporter-output>
        </test-method> <!-- runningCode_outputsExpectedText -->
        <test-method status="PASS" signature="deleteTempDir()[pri:0, instance:de.letsbuildacompiler.test.CompilerTest@483bf400]" name="deleteTempDir" is-config="true" duration-ms="0" started-at="2015-06-18T00:29:05Z" finished-at="2015-06-18T00:29:05Z">
          <reporter-output>
          </reporter-output>
        </test-method> <!-- deleteTempDir -->
        <test-method status="PASS" signature="createTempDir()[pri:0, instance:de.letsbuildacompiler.test.CompilerTest@483bf400]" name="createTempDir" is-config="true" duration-ms="0" started-at="2015-06-18T00:29:05Z" finished-at="2015-06-18T00:29:05Z">
          <reporter-output>
          </reporter-output>
        </test-method> <!-- createTempDir -->
        <test-method status="PASS" signature="runningCode_outputsExpectedText(java.lang.String, java.lang.String)[pri:0, instance:de.letsbuildacompiler.test.CompilerTest@483bf400]" name="runningCode_outputsExpectedText" duration-ms="88" started-at="2015-06-18T00:29:05Z" data-provider="provide_code_exceptedText" finished-at="2015-06-18T00:29:05Z">
          <params>
            <param index="0">
              <value>
                <![CDATA[int foo = 42; println(foo+2);]]>
              </value>
            </param>
            <param index="1">
              <value>
                <![CDATA[44
]]>
              </value>
            </param>
          </params>
          <reporter-output>
          </reporter-output>
        </test-method> <!-- runningCode_outputsExpectedText -->
        <test-method status="PASS" signature="deleteTempDir()[pri:0, instance:de.letsbuildacompiler.test.CompilerTest@483bf400]" name="deleteTempDir" is-config="true" duration-ms="1" started-at="2015-06-18T00:29:05Z" finished-at="2015-06-18T00:29:05Z">
          <reporter-output>
          </reporter-output>
        </test-method> <!-- deleteTempDir -->
        <test-method status="PASS" signature="createTempDir()[pri:0, instance:de.letsbuildacompiler.test.CompilerTest@483bf400]" name="createTempDir" is-config="true" duration-ms="1" started-at="2015-06-18T00:29:05Z" finished-at="2015-06-18T00:29:05Z">
          <reporter-output>
          </reporter-output>
        </test-method> <!-- createTempDir -->
        <test-method status="PASS" signature="runningCode_outputsExpectedText(java.lang.String, java.lang.String)[pri:0, instance:de.letsbuildacompiler.test.CompilerTest@483bf400]" name="runningCode_outputsExpectedText" duration-ms="96" started-at="2015-06-18T00:29:05Z" data-provider="provide_code_exceptedText" finished-at="2015-06-18T00:29:05Z">
          <params>
            <param index="0">
              <value>
                <![CDATA[int a; int b = 5; a = 2;a =5; println(a+b);]]>
              </value>
            </param>
            <param index="1">
              <value>
                <![CDATA[10
]]>
              </value>
            </param>
          </params>
          <reporter-output>
          </reporter-output>
        </test-method> <!-- runningCode_outputsExpectedText -->
        <test-method status="PASS" signature="deleteTempDir()[pri:0, instance:de.letsbuildacompiler.test.CompilerTest@483bf400]" name="deleteTempDir" is-config="true" duration-ms="0" started-at="2015-06-18T00:29:05Z" finished-at="2015-06-18T00:29:05Z">
          <reporter-output>
          </reporter-output>
        </test-method> <!-- deleteTempDir -->
        <test-method status="PASS" signature="runningCode_outputsExpectedText(java.lang.String, java.lang.String)[pri:0, instance:de.letsbuildacompiler.test.CompilerTest@483bf400]" name="runningCode_outputsExpectedText" duration-ms="102" started-at="2015-06-18T00:29:05Z" data-provider="provide_code_exceptedText" finished-at="2015-06-18T00:29:05Z">
          <params>
            <param index="0">
              <value>
                <![CDATA[int randomNumber (){return 322;} 
println(randomNumber());]]>
              </value>
            </param>
            <param index="1">
              <value>
                <![CDATA[322
]]>
              </value>
            </param>
          </params>
          <reporter-output>
          </reporter-output>
        </test-method> <!-- runningCode_outputsExpectedText -->
        <test-method status="PASS" signature="createTempDir()[pri:0, instance:de.letsbuildacompiler.test.CompilerTest@483bf400]" name="createTempDir" is-config="true" duration-ms="0" started-at="2015-06-18T00:29:05Z" finished-at="2015-06-18T00:29:05Z">
          <reporter-output>
          </reporter-output>
        </test-method> <!-- createTempDir -->
        <test-method status="PASS" signature="deleteTempDir()[pri:0, instance:de.letsbuildacompiler.test.CompilerTest@483bf400]" name="deleteTempDir" is-config="true" duration-ms="1" started-at="2015-06-18T00:29:05Z" finished-at="2015-06-18T00:29:05Z">
          <reporter-output>
          </reporter-output>
        </test-method> <!-- deleteTempDir -->
        <test-method status="PASS" signature="createTempDir()[pri:0, instance:de.letsbuildacompiler.test.CompilerTest@483bf400]" name="createTempDir" is-config="true" duration-ms="0" started-at="2015-06-18T00:29:05Z" finished-at="2015-06-18T00:29:05Z">
          <reporter-output>
          </reporter-output>
        </test-method> <!-- createTempDir -->
        <test-method status="PASS" signature="runningCode_outputsExpectedText(java.lang.String, java.lang.String)[pri:0, instance:de.letsbuildacompiler.test.CompilerTest@483bf400]" name="runningCode_outputsExpectedText" duration-ms="105" started-at="2015-06-18T00:29:05Z" data-provider="provide_code_exceptedText" finished-at="2015-06-18T00:29:05Z">
          <params>
            <param index="0">
              <value>
                <![CDATA[int randomNumber (){int a; a = 322;
return a;}
println(randomNumber());int a; a = 4;println(a);]]>
              </value>
            </param>
            <param index="1">
              <value>
                <![CDATA[322
4
]]>
              </value>
            </param>
          </params>
          <reporter-output>
          </reporter-output>
        </test-method> <!-- runningCode_outputsExpectedText -->
        <test-method status="PASS" signature="createTempDir()[pri:0, instance:de.letsbuildacompiler.test.CompilerTest@483bf400]" name="createTempDir" is-config="true" duration-ms="1" started-at="2015-06-18T00:29:05Z" finished-at="2015-06-18T00:29:05Z">
          <reporter-output>
          </reporter-output>
        </test-method> <!-- createTempDir -->
        <test-method status="PASS" signature="deleteTempDir()[pri:0, instance:de.letsbuildacompiler.test.CompilerTest@483bf400]" name="deleteTempDir" is-config="true" duration-ms="0" started-at="2015-06-18T00:29:05Z" finished-at="2015-06-18T00:29:05Z">
          <reporter-output>
          </reporter-output>
        </test-method> <!-- deleteTempDir -->
        <test-method status="PASS" signature="runningCode_outputsExpectedText(java.lang.String, java.lang.String)[pri:0, instance:de.letsbuildacompiler.test.CompilerTest@483bf400]" name="runningCode_outputsExpectedText" duration-ms="112" started-at="2015-06-18T00:29:05Z" data-provider="provide_code_exceptedText" finished-at="2015-06-18T00:29:06Z">
          <params>
            <param index="0">
              <value>
                <![CDATA[int somar (int a,int b) {return a+b;}
println(somar(111,211));]]>
              </value>
            </param>
            <param index="1">
              <value>
                <![CDATA[322
]]>
              </value>
            </param>
          </params>
          <reporter-output>
          </reporter-output>
        </test-method> <!-- runningCode_outputsExpectedText -->
        <test-method status="PASS" signature="deleteTempDir()[pri:0, instance:de.letsbuildacompiler.test.CompilerTest@483bf400]" name="deleteTempDir" is-config="true" duration-ms="1" started-at="2015-06-18T00:29:06Z" finished-at="2015-06-18T00:29:06Z">
          <reporter-output>
          </reporter-output>
        </test-method> <!-- deleteTempDir -->
        <test-method status="PASS" signature="createTempDir()[pri:0, instance:de.letsbuildacompiler.test.CompilerTest@483bf400]" name="createTempDir" is-config="true" duration-ms="0" started-at="2015-06-18T00:29:06Z" finished-at="2015-06-18T00:29:06Z">
          <reporter-output>
          </reporter-output>
        </test-method> <!-- createTempDir -->
        <test-method status="PASS" signature="runningCode_outputsExpectedText(java.lang.String, java.lang.String)[pri:0, instance:de.letsbuildacompiler.test.CompilerTest@483bf400]" name="runningCode_outputsExpectedText" duration-ms="100" started-at="2015-06-18T00:29:06Z" data-provider="provide_code_exceptedText" finished-at="2015-06-18T00:29:06Z">
          <params>
            <param index="0">
              <value>
                <![CDATA[int a = 161;int b = 161;println(b+a == b+a);]]>
              </value>
            </param>
            <param index="1">
              <value>
                <![CDATA[1
]]>
              </value>
            </param>
          </params>
          <reporter-output>
          </reporter-output>
        </test-method> <!-- runningCode_outputsExpectedText -->
        <test-method status="PASS" signature="deleteTempDir()[pri:0, instance:de.letsbuildacompiler.test.CompilerTest@483bf400]" name="deleteTempDir" is-config="true" duration-ms="1" started-at="2015-06-18T00:29:06Z" finished-at="2015-06-18T00:29:06Z">
          <reporter-output>
          </reporter-output>
        </test-method> <!-- deleteTempDir -->
      </class> <!-- de.letsbuildacompiler.test.CompilerTest -->
    </test> <!-- Default test -->
  </suite> <!-- Default suite -->
</testng-results>
